17 Mar 05:02:59 - info: Running as user: garrett UID: 1000 on port 80
17 Mar 05:02:59 - info: successful launch
17 Mar 05:02:59 - info: All JS code loaded
17 Mar 05:03:32 - info: proudly serving static files since 2011
17 Mar 05:03:32 - info: proudly serving static files since 2011
17 Mar 05:03:33 - info: proudly serving static files since 2011
17 Mar 05:03:34 - info: client connected
17 Mar 05:03:41 - info: garrett would like ot contact Last.fm, how lovely.
17 Mar 05:03:50 - info: The Walrus would like ot contact Last.fm, how lovely.
17 Mar 05:03:57 - info: client disconnected
17 Mar 05:04:08 - info: proudly serving static files since 2011
17 Mar 05:20:39 - info: Running as user: garrett UID: 1000 on port 80
17 Mar 05:20:39 - info: successful launch
17 Mar 05:20:39 - info: All JS code loaded
17 Mar 05:24:24 - info: Running as user: garrett UID: 1000 on port 80
17 Mar 05:24:24 - info: successful launch
17 Mar 05:24:24 - info: All JS code loaded
17 Mar 05:24:30 - info: proudly serving static files since 2011
17 Mar 05:24:31 - info: proudly serving static files since 2011
17 Mar 05:24:31 - info: proudly serving static files since 2011
