31 Mar 15:21:09 - info: Running as user: garrett UID: 1000 on port 80
31 Mar 15:21:09 - info: successful launch
31 Mar 15:21:09 - info: Configuration: garrettwilkin
31 Mar 15:21:09 - info: All JS code loaded
31 Mar 15:21:32 - info: Serving a static file with pride
31 Mar 15:21:32 - info: GET /
31 Mar 15:21:32 - info: Serving a static file with pride
31 Mar 15:21:32 - info: GET /img/TheAlbumtross.png
31 Mar 15:21:33 - info: Serving a static file with pride
31 Mar 15:21:33 - info: GET /favicon.ico
31 Mar 15:21:36 - info: Serving a static file with pride
31 Mar 15:21:36 - info: GET /lastfm.html
31 Mar 15:21:38 - info: Serving a static file with pride
31 Mar 15:21:38 - info: GET /favicon.ico
31 Mar 15:21:38 - info: client connected
31 Mar 15:45:28 - info: garrettwilkin would like to contact Last.fm, how lovely.
31 Mar 15:45:29 - info: YAY! LastFm returns success for garrettwilkin
31 Mar 15:45:29 - info: lastFmHandler : HTML by The Hot Toddies
31 Mar 15:45:29 - info: lastFmHandler : The Great Pretender by The Platters
31 Mar 15:45:29 - info: lastFmHandler : My True Story by The Jive Five
31 Mar 15:45:29 - info: lastFmHandler : Sophronie by Jimmy Martin
31 Mar 15:45:29 - info: lastFmHandler : Border Ride by Jim and Jesse
31 Mar 15:45:29 - info: lastFmHandler : Americano by The Brian Setzer Orchestra
31 Mar 15:45:29 - info: lastFmHandler : Breeze Black Night by The Ditty Bops
31 Mar 15:45:29 - info: lastFmHandler : Le Onde by Ludovico Einaudi
31 Mar 15:45:29 - info: lastFmHandler : Am I Just One by Carey Ott
31 Mar 15:45:29 - info: lastFmHandler : All These Things That I've Done by The Killers
31 Mar 15:45:29 - info: lastFmHandler : The Box by Johnny Flynn
31 Mar 15:45:29 - info: lastFmHandler : Sabre Dance by Արամ Խաչատրյան
31 Mar 15:45:29 - info: lastFmHandler : C'mon Yeah by The Sunshine
31 Mar 15:45:29 - info: lastFmHandler : Backfire at the Disco by The Wombats
31 Mar 15:45:29 - info: lastFmHandler : Calloway Boogie by Big Bad Voodoo Daddy
31 Mar 15:45:29 - info: lastFmHandler : Amanda Jewell by Ricky Skaggs
31 Mar 15:45:29 - info: lastFmHandler : Float On by Iron Horse
31 Mar 15:45:29 - info: lastFmHandler : Maybe Someday by The Cinematics
31 Mar 15:45:29 - info: lastFmHandler : West Coast by Coconut Records
31 Mar 15:45:29 - info: lastFmHandler : Only In The Past by The Be Good Tanyas
31 Mar 15:45:29 - info: iArtistHandler:      iArtist: The Hot Toddies
31 Mar 15:45:29 - info: iTrackHandler :      iTrack: My True Story by artist The Jive Five id : 128625189
31 Mar 15:45:29 - info: iTrackHandler : lastfmTrack: My True Story by artist The Jive Five mbid : 
31 Mar 15:45:29 - info: iArtistHandler:      iArtist: Jim & Jesse
31 Mar 15:45:29 - info: iTrackHandler :      iTrack: The Great Pretender by artist The Platters id : 1646486
31 Mar 15:45:29 - info: iTrackHandler : lastfmTrack: The Great Pretender by artist The Platters mbid : 
31 Mar 15:45:29 - info: iTrackHandler :      iTrack: Breeze Black Night by artist The Ditty Bops id : 5499485
31 Mar 15:45:29 - info: iTrackHandler : lastfmTrack: Breeze Black Night by artist The Ditty Bops mbid : 
31 Mar 15:45:30 - info: iArtistHandler:      iArtist: Ludovico Einaudi
31 Mar 15:45:30 - info: iArtistHandler:      iArtist: Jimmy Martin
31 Mar 15:45:30 - info: iArtistHandler:      iArtist: Carey Ott
31 Mar 15:45:30 - info: iArtistHandler:      iArtist: The Ditty Bops
31 Mar 15:45:30 - info: iTrackHandler :      iTrack: Float On by artist Modest Mouse id : 201257515
31 Mar 15:45:30 - info: iTrackHandler : lastfmTrack: Float On by artist Iron Horse mbid : 
31 Mar 15:45:30 - info: iArtistHandler:      iArtist: Iron Horse
31 Mar 15:45:30 - info: iTrackHandler :      iTrack: Sophronie by artist Jimmy Martin id : 6765959
31 Mar 15:45:30 - info: iTrackHandler : lastfmTrack: Sophronie by artist Jimmy Martin mbid : 
31 Mar 15:45:30 - info: iTrackHandler :      iTrack: undefined by artist undefined id : undefined
31 Mar 15:45:30 - info: iTrackHandler : lastfmTrack: Americano by artist The Brian Setzer Orchestra mbid : 
31 Mar 15:45:30 - info: iTrackHandler :      iTrack: undefined by artist undefined id : undefined
31 Mar 15:45:30 - info: iTrackHandler : lastfmTrack: Backfire at the Disco by artist The Wombats mbid : 
31 Mar 15:45:30 - info: iArtistHandler:      iArtist: The Platters
31 Mar 15:45:30 - info: iArtistHandler:      iArtist: The Brian Setzer Orchestra
31 Mar 15:45:30 - info: iArtistHandler:      iArtist: The Killers
31 Mar 15:45:30 - info: iArtistHandler: Could not find track
31 Mar 15:45:30 - info: iArtistHandler:      iArtist: Ricky Skaggs
31 Mar 15:45:30 - info: iTrackHandler :      iTrack: C'Mon Yeah by artist The Sunshine id : 252980090
31 Mar 15:45:30 - info: iTrackHandler : lastfmTrack: C'mon Yeah by artist The Sunshine mbid : 
31 Mar 15:45:30 - info: iArtistHandler:      iArtist: The Cinematics
31 Mar 15:45:30 - info: iArtistHandler:      iArtist: Johnny Flynn
31 Mar 15:45:30 - info: iArtistHandler:      iArtist: The Wombats
31 Mar 15:45:30 - info: iTrackHandler :      iTrack: Calloway Boogie by artist Big Bad Voodoo Daddy id : 307629327
31 Mar 15:45:30 - info: iTrackHandler : lastfmTrack: Calloway Boogie by artist Big Bad Voodoo Daddy mbid : 
31 Mar 15:45:30 - info: iTrackHandler :      iTrack: Maybe Someday by artist Black Stone Cherry id : 214472710
31 Mar 15:45:30 - info: iTrackHandler : lastfmTrack: Maybe Someday by artist The Cinematics mbid : 
31 Mar 15:45:30 - info: iTrackHandler :      iTrack: Amanda Jewell by artist Ricky Skaggs & Kentucky Thunder id : 259757918
31 Mar 15:45:30 - info: iTrackHandler : lastfmTrack: Amanda Jewell by artist Ricky Skaggs mbid : 
31 Mar 15:45:30 - info: iArtistHandler:      iArtist: Big Bad Voodoo Daddy
31 Mar 15:45:30 - info: iTrackHandler :      iTrack: Sabre Dance by artist Franz Richter & Radio Orchestra Berlin id : 363276556
31 Mar 15:45:30 - info: iTrackHandler : lastfmTrack: Sabre Dance by artist Արամ Խաչատրյան mbid : 
31 Mar 15:45:31 - info: iArtistHandler:      iArtist: KC & The Sunshine Band
31 Mar 15:45:31 - info: iTrackHandler :      iTrack: Border Ride by artist Larry Keel & Natural Bridge id : 157686958
31 Mar 15:45:31 - info: iTrackHandler : lastfmTrack: Border Ride by artist Jim and Jesse mbid : 
31 Mar 15:45:32 - info: iArtistHandler:      iArtist: Coconut Records
31 Mar 15:45:32 - info: iTrackHandler :      iTrack: HTML by artist The Hot Toddies id : 320900848
31 Mar 15:45:32 - info: iTrackHandler : lastfmTrack: HTML by artist The Hot Toddies mbid : 
31 Mar 15:45:32 - info: Serving a static file with pride
31 Mar 15:45:32 - info: GET /lastfm.html
31 Mar 15:45:33 - info: iTrackHandler :      iTrack: Only In the Past by artist The Be Good Tanyas id : 412804372
31 Mar 15:45:33 - info: iTrackHandler : lastfmTrack: Only In The Past by artist The Be Good Tanyas mbid : 
31 Mar 15:45:33 - info: Serving a static file with pride
31 Mar 15:45:33 - info: GET /img/TheAlbumtross.png
31 Mar 15:45:33 - info: iArtistHandler:      iArtist: The Jive Five
31 Mar 15:45:34 - info: Serving a static file with pride
31 Mar 15:45:34 - info: GET /favicon.ico
31 Mar 15:45:34 - info: iArtistHandler:      iArtist: The Be Good Tanyas
31 Mar 15:45:34 - info: iTrackHandler :      iTrack: West Coast by artist Coconut Records id : 219389666
31 Mar 15:45:34 - info: iTrackHandler : lastfmTrack: West Coast by artist Coconut Records mbid : 
31 Mar 15:45:34 - info: client connected
31 Mar 15:45:34 - info: client disconnected
31 Mar 15:45:35 - info: garrettwilkin would like to contact Last.fm, how lovely.
31 Mar 15:45:35 - info: iTrackHandler :      iTrack: undefined by artist undefined id : undefined
31 Mar 15:45:35 - info: iTrackHandler : lastfmTrack: The Box by artist Johnny Flynn mbid : 
31 Mar 15:45:35 - info: YAY! LastFm returns success for garrettwilkin
31 Mar 15:45:35 - info: lastFmHandler : HTML by The Hot Toddies
31 Mar 15:45:35 - info: lastFmHandler : The Great Pretender by The Platters
31 Mar 15:45:35 - info: lastFmHandler : My True Story by The Jive Five
31 Mar 15:45:35 - info: lastFmHandler : Sophronie by Jimmy Martin
31 Mar 15:45:35 - info: lastFmHandler : Border Ride by Jim and Jesse
31 Mar 15:45:35 - info: lastFmHandler : Americano by The Brian Setzer Orchestra
31 Mar 15:45:35 - info: lastFmHandler : Breeze Black Night by The Ditty Bops
31 Mar 15:45:35 - info: lastFmHandler : Le Onde by Ludovico Einaudi
31 Mar 15:45:35 - info: lastFmHandler : Am I Just One by Carey Ott
31 Mar 15:45:35 - info: lastFmHandler : All These Things That I've Done by The Killers
31 Mar 15:45:35 - info: lastFmHandler : The Box by Johnny Flynn
31 Mar 15:45:35 - info: lastFmHandler : Sabre Dance by Արամ Խաչատրյան
31 Mar 15:45:35 - info: lastFmHandler : C'mon Yeah by The Sunshine
31 Mar 15:45:35 - info: lastFmHandler : Backfire at the Disco by The Wombats
31 Mar 15:45:35 - info: lastFmHandler : Calloway Boogie by Big Bad Voodoo Daddy
31 Mar 15:45:35 - info: lastFmHandler : Amanda Jewell by Ricky Skaggs
31 Mar 15:45:35 - info: lastFmHandler : Float On by Iron Horse
31 Mar 15:45:35 - info: lastFmHandler : Maybe Someday by The Cinematics
31 Mar 15:45:35 - info: lastFmHandler : West Coast by Coconut Records
31 Mar 15:45:35 - info: lastFmHandler : Only In The Past by The Be Good Tanyas
31 Mar 15:45:36 - info: iTrackHandler :      iTrack: Le onde by artist Ludovico Einaudi id : 153362807
31 Mar 15:45:36 - info: iTrackHandler : lastfmTrack: Le Onde by artist Ludovico Einaudi mbid : 
31 Mar 15:45:36 - info: iArtistHandler:      iArtist: The Ditty Bops
31 Mar 15:45:36 - info: iArtistHandler:      iArtist: The Jive Five
31 Mar 15:45:36 - info: iTrackHandler :      iTrack: Border Ride by artist Larry Keel & Natural Bridge id : 157686958
31 Mar 15:45:36 - info: iTrackHandler : lastfmTrack: Border Ride by artist Jim and Jesse mbid : 
31 Mar 15:45:36 - info: iTrackHandler :      iTrack: HTML by artist The Hot Toddies id : 320900848
31 Mar 15:45:36 - info: iTrackHandler : lastfmTrack: HTML by artist The Hot Toddies mbid : 
31 Mar 15:45:36 - info: iTrackHandler :      iTrack: My True Story by artist The Jive Five id : 128625189
31 Mar 15:45:36 - info: iTrackHandler : lastfmTrack: My True Story by artist The Jive Five mbid : 
31 Mar 15:45:36 - info: iTrackHandler :      iTrack: The Great Pretender by artist The Platters id : 1646486
31 Mar 15:45:36 - info: iTrackHandler : lastfmTrack: The Great Pretender by artist The Platters mbid : 
31 Mar 15:45:36 - info: iArtistHandler:      iArtist: Jimmy Martin
31 Mar 15:45:36 - info: iTrackHandler :      iTrack: Sophronie by artist Jimmy Martin id : 6765959
31 Mar 15:45:36 - info: iTrackHandler : lastfmTrack: Sophronie by artist Jimmy Martin mbid : 
31 Mar 15:45:36 - info: iArtistHandler:      iArtist: Carey Ott
31 Mar 15:45:36 - info: iTrackHandler :      iTrack: Le onde by artist Ludovico Einaudi id : 153362807
31 Mar 15:45:36 - info: iTrackHandler : lastfmTrack: Le Onde by artist Ludovico Einaudi mbid : 
31 Mar 15:45:36 - info: iTrackHandler :      iTrack: Breeze Black Night by artist The Ditty Bops id : 5499485
31 Mar 15:45:36 - info: iTrackHandler : lastfmTrack: Breeze Black Night by artist The Ditty Bops mbid : 
31 Mar 15:45:36 - info: iTrackHandler :      iTrack: West Coast by artist Coconut Records id : 219389666
31 Mar 15:45:36 - info: iTrackHandler : lastfmTrack: West Coast by artist Coconut Records mbid : 
31 Mar 15:45:36 - info: iArtistHandler:      iArtist: Ricky Skaggs
31 Mar 15:45:36 - info: iArtistHandler:      iArtist: Jim & Jesse
31 Mar 15:45:36 - info: iTrackHandler :      iTrack: undefined by artist undefined id : undefined
31 Mar 15:45:36 - info: iTrackHandler : lastfmTrack: Americano by artist The Brian Setzer Orchestra mbid : 
31 Mar 15:45:36 - info: iArtistHandler:      iArtist: The Brian Setzer Orchestra
31 Mar 15:45:36 - info: iArtistHandler:      iArtist: Ludovico Einaudi
31 Mar 15:45:36 - info: iTrackHandler :      iTrack: Calloway Boogie by artist Big Bad Voodoo Daddy id : 307629327
31 Mar 15:45:36 - info: iTrackHandler : lastfmTrack: Calloway Boogie by artist Big Bad Voodoo Daddy mbid : 
31 Mar 15:45:36 - info: iTrackHandler :      iTrack: C'Mon Yeah by artist The Sunshine id : 252980090
31 Mar 15:45:36 - info: iTrackHandler : lastfmTrack: C'mon Yeah by artist The Sunshine mbid : 
31 Mar 15:45:36 - info: iArtistHandler:      iArtist: Big Bad Voodoo Daddy
31 Mar 15:45:36 - info: iTrackHandler :      iTrack: Backfire At the Disco by artist The Wombats id : 278867773
31 Mar 15:45:36 - info: iTrackHandler : lastfmTrack: Backfire at the Disco by artist The Wombats mbid : 
31 Mar 15:45:36 - info: iTrackHandler :      iTrack: undefined by artist undefined id : undefined
31 Mar 15:45:36 - info: iTrackHandler : lastfmTrack: The Box by artist Johnny Flynn mbid : 
31 Mar 15:45:36 - info: iTrackHandler :      iTrack: Am I Just One by artist Carey Ott id : 154808159
31 Mar 15:45:36 - info: iTrackHandler : lastfmTrack: Am I Just One by artist Carey Ott mbid : 
31 Mar 15:45:36 - info: iArtistHandler:      iArtist: The Killers
31 Mar 15:45:36 - info: iTrackHandler :      iTrack: Amanda Jewell by artist Ricky Skaggs & Kentucky Thunder id : 259757918
31 Mar 15:45:36 - info: iTrackHandler : lastfmTrack: Amanda Jewell by artist Ricky Skaggs mbid : 
31 Mar 15:45:36 - info: iArtistHandler:      iArtist: The Wombats
31 Mar 15:45:36 - info: iArtistHandler:      iArtist: KC & The Sunshine Band
31 Mar 15:45:36 - info: iTrackHandler :      iTrack: undefined by artist undefined id : undefined
31 Mar 15:45:36 - info: iTrackHandler : lastfmTrack: All These Things That I've Done by artist The Killers mbid : 
31 Mar 15:45:36 - info: iArtistHandler:      iArtist: Johnny Flynn
31 Mar 15:45:38 - info: iTrackHandler :      iTrack: All These Things That I've Done by artist The Killers id : 14268735
31 Mar 15:45:38 - info: iTrackHandler : lastfmTrack: All These Things That I've Done by artist The Killers mbid : 
31 Mar 15:45:39 - info: iTrackHandler :      iTrack: Only In the Past by artist The Be Good Tanyas id : 412804372
31 Mar 15:45:39 - info: iTrackHandler : lastfmTrack: Only In The Past by artist The Be Good Tanyas mbid : 
31 Mar 15:45:39 - info: iTrackHandler :      iTrack: undefined by artist undefined id : undefined
31 Mar 15:45:39 - info: iTrackHandler : lastfmTrack: Float On by artist Iron Horse mbid : 
31 Mar 15:45:39 - info: iArtistHandler:      iArtist: The Be Good Tanyas
31 Mar 15:45:39 - info: iArtistHandler:      iArtist: The Platters
31 Mar 15:45:40 - info: iArtistHandler:      iArtist: The Cinematics
31 Mar 15:45:40 - info: iArtistHandler:      iArtist: Iron Horse
31 Mar 15:45:40 - info: iTrackHandler :      iTrack: Maybe Someday by artist Black Stone Cherry id : 214472710
31 Mar 15:45:40 - info: iTrackHandler : lastfmTrack: Maybe Someday by artist The Cinematics mbid : 
31 Mar 15:45:41 - info: iArtistHandler:      iArtist: Coconut Records
31 Mar 15:45:41 - info: iArtistHandler: Could not find track
31 Mar 15:45:41 - info: iTrackHandler :      iTrack: Sabre Dance by artist Franz Richter & Radio Orchestra Berlin id : 363276556
31 Mar 15:45:41 - info: iTrackHandler : lastfmTrack: Sabre Dance by artist Արամ Խաչատրյան mbid : 
31 Mar 15:45:49 - info: iArtistHandler: Could not find track
31 Mar 15:46:36 - info: iTrackHandler :      iTrack: Am I Just One by artist Carey Ott id : 154808159
31 Mar 15:46:36 - info: iTrackHandler : lastfmTrack: Am I Just One by artist Carey Ott mbid : 
31 Mar 15:51:12 - info: Serving a static file with pride
31 Mar 15:51:12 - info: GET /lastfm.html
31 Mar 15:51:12 - info: Serving a static file with pride
31 Mar 15:51:12 - info: GET /img/TheAlbumtross.png
31 Mar 15:51:13 - info: Serving a static file with pride
31 Mar 15:51:13 - info: GET /favicon.ico
31 Mar 15:51:13 - info: client connected
31 Mar 15:51:14 - info: client disconnected
31 Mar 15:51:14 - info: garrettwilkin would like to contact Last.fm, how lovely.
31 Mar 15:51:15 - info: YAY! LastFm returns success for garrettwilkin
31 Mar 15:51:15 - info: lastFmHandler : HTML by The Hot Toddies
31 Mar 15:51:15 - info: lastFmHandler : The Great Pretender by The Platters
31 Mar 15:51:15 - info: lastFmHandler : My True Story by The Jive Five
31 Mar 15:51:15 - info: lastFmHandler : Sophronie by Jimmy Martin
31 Mar 15:51:15 - info: lastFmHandler : Border Ride by Jim and Jesse
31 Mar 15:51:15 - info: lastFmHandler : Americano by The Brian Setzer Orchestra
31 Mar 15:51:15 - info: lastFmHandler : Breeze Black Night by The Ditty Bops
31 Mar 15:51:15 - info: lastFmHandler : Le Onde by Ludovico Einaudi
31 Mar 15:51:15 - info: lastFmHandler : Am I Just One by Carey Ott
31 Mar 15:51:15 - info: lastFmHandler : All These Things That I've Done by The Killers
31 Mar 15:51:15 - info: lastFmHandler : The Box by Johnny Flynn
31 Mar 15:51:15 - info: lastFmHandler : Sabre Dance by Արամ Խաչատրյան
31 Mar 15:51:15 - info: lastFmHandler : C'mon Yeah by The Sunshine
31 Mar 15:51:15 - info: lastFmHandler : Backfire at the Disco by The Wombats
31 Mar 15:51:15 - info: lastFmHandler : Calloway Boogie by Big Bad Voodoo Daddy
31 Mar 15:51:15 - info: lastFmHandler : Amanda Jewell by Ricky Skaggs
31 Mar 15:51:15 - info: lastFmHandler : Float On by Iron Horse
31 Mar 15:51:15 - info: lastFmHandler : Maybe Someday by The Cinematics
31 Mar 15:51:15 - info: lastFmHandler : West Coast by Coconut Records
31 Mar 15:51:15 - info: lastFmHandler : Only In The Past by The Be Good Tanyas
31 Mar 15:51:16 - info: iArtistHandler:      iArtist: The Jive Five
31 Mar 15:51:16 - info: iTrackHandler :      iTrack: Le onde by artist Ludovico Einaudi id : 153362807
31 Mar 15:51:16 - info: iTrackHandler : lastfmTrack: Le Onde by artist Ludovico Einaudi mbid : 
31 Mar 15:51:16 - info: iArtistHandler:      iArtist: Ludovico Einaudi
31 Mar 15:51:16 - info: iTrackHandler :      iTrack: My True Story by artist The Jive Five id : 128625189
31 Mar 15:51:16 - info: iTrackHandler : lastfmTrack: My True Story by artist The Jive Five mbid : 
31 Mar 15:51:16 - info: iArtistHandler:      iArtist: The Hot Toddies
31 Mar 15:51:16 - info: iTrackHandler :      iTrack: Sophronie by artist Jimmy Martin id : 6765959
31 Mar 15:51:16 - info: iTrackHandler : lastfmTrack: Sophronie by artist Jimmy Martin mbid : 
31 Mar 15:51:16 - info: iArtistHandler:      iArtist: The Platters
31 Mar 15:51:16 - info: iTrackHandler :      iTrack: Breeze Black Night by artist The Ditty Bops id : 5499485
31 Mar 15:51:16 - info: iTrackHandler : lastfmTrack: Breeze Black Night by artist The Ditty Bops mbid : 
31 Mar 15:51:16 - info: iArtistHandler:      iArtist: Johnny Flynn
31 Mar 15:51:16 - info: iArtistHandler:      iArtist: The Brian Setzer Orchestra
31 Mar 15:51:16 - info: iArtistHandler:      iArtist: The Cinematics
31 Mar 15:51:16 - info: iArtistHandler:      iArtist: Jimmy Martin
31 Mar 15:51:16 - info: iTrackHandler :      iTrack: Am I Just One by artist Carey Ott id : 154808159
31 Mar 15:51:16 - info: iTrackHandler : lastfmTrack: Am I Just One by artist Carey Ott mbid : 
31 Mar 15:51:16 - info: iArtistHandler: Could not find track
31 Mar 15:51:16 - info: iArtistHandler:      iArtist: Jim & Jesse
31 Mar 15:51:16 - info: iTrackHandler :      iTrack: undefined by artist undefined id : undefined
31 Mar 15:51:16 - info: iTrackHandler : lastfmTrack: Americano by artist The Brian Setzer Orchestra mbid : 
31 Mar 15:51:16 - info: iTrackHandler :      iTrack: Border Ride by artist Larry Keel & Natural Bridge id : 157686958
31 Mar 15:51:16 - info: iTrackHandler : lastfmTrack: Border Ride by artist Jim and Jesse mbid : 
31 Mar 15:51:16 - info: iTrackHandler :      iTrack: undefined by artist undefined id : undefined
31 Mar 15:51:16 - info: iTrackHandler : lastfmTrack: The Box by artist Johnny Flynn mbid : 
31 Mar 15:51:16 - info: iTrackHandler :      iTrack: The Great Pretender by artist The Platters id : 1646486
31 Mar 15:51:16 - info: iTrackHandler : lastfmTrack: The Great Pretender by artist The Platters mbid : 
31 Mar 15:51:16 - info: iTrackHandler :      iTrack: Sabre Dance by artist Franz Richter & Radio Orchestra Berlin id : 363276556
31 Mar 15:51:16 - info: iTrackHandler : lastfmTrack: Sabre Dance by artist Արամ Խաչատրյան mbid : 
31 Mar 15:51:16 - info: iArtistHandler:      iArtist: Coconut Records
31 Mar 15:51:16 - info: iTrackHandler :      iTrack: undefined by artist undefined id : undefined
31 Mar 15:51:16 - info: iTrackHandler : lastfmTrack: Float On by artist Iron Horse mbid : 
31 Mar 15:51:16 - info: iTrackHandler :      iTrack: Backfire At the Disco by artist The Wombats id : 278867773
31 Mar 15:51:16 - info: iTrackHandler : lastfmTrack: Backfire at the Disco by artist The Wombats mbid : 
31 Mar 15:51:16 - info: iArtistHandler:      iArtist: KC & The Sunshine Band
31 Mar 15:51:16 - info: iArtistHandler:      iArtist: The Wombats
31 Mar 15:51:16 - info: iTrackHandler :      iTrack: Calloway Boogie by artist Big Bad Voodoo Daddy id : 307629327
31 Mar 15:51:16 - info: iTrackHandler : lastfmTrack: Calloway Boogie by artist Big Bad Voodoo Daddy mbid : 
31 Mar 15:51:16 - info: iTrackHandler :      iTrack: Only In the Past by artist The Be Good Tanyas id : 412804372
31 Mar 15:51:16 - info: iTrackHandler : lastfmTrack: Only In The Past by artist The Be Good Tanyas mbid : 
31 Mar 15:51:16 - info: iArtistHandler:      iArtist: Big Bad Voodoo Daddy
31 Mar 15:51:16 - info: iArtistHandler:      iArtist: Iron Horse
31 Mar 15:51:16 - info: iArtistHandler:      iArtist: The Be Good Tanyas
31 Mar 15:51:16 - info: iArtistHandler:      iArtist: Ricky Skaggs
31 Mar 15:51:16 - info: iTrackHandler :      iTrack: undefined by artist undefined id : undefined
31 Mar 15:51:16 - info: iTrackHandler : lastfmTrack: All These Things That I've Done by artist The Killers mbid : 
31 Mar 15:51:16 - info: iTrackHandler :      iTrack: Maybe Someday by artist Black Stone Cherry id : 214472710
31 Mar 15:51:16 - info: iTrackHandler : lastfmTrack: Maybe Someday by artist The Cinematics mbid : 
31 Mar 15:51:16 - info: iTrackHandler :      iTrack: West Coast by artist Coconut Records id : 219389666
31 Mar 15:51:16 - info: iTrackHandler : lastfmTrack: West Coast by artist Coconut Records mbid : 
31 Mar 15:51:16 - info: iTrackHandler :      iTrack: Amanda Jewell by artist Ricky Skaggs & Kentucky Thunder id : 259757918
31 Mar 15:51:16 - info: iTrackHandler : lastfmTrack: Amanda Jewell by artist Ricky Skaggs mbid : 
31 Mar 15:51:17 - info: iTrackHandler :      iTrack: C'Mon Yeah by artist The Sunshine id : 252980090
31 Mar 15:51:17 - info: iTrackHandler : lastfmTrack: C'mon Yeah by artist The Sunshine mbid : 
31 Mar 15:51:17 - info: iTrackHandler :      iTrack: HTML by artist The Hot Toddies id : 320900848
31 Mar 15:51:17 - info: iTrackHandler : lastfmTrack: HTML by artist The Hot Toddies mbid : 
31 Mar 15:51:17 - info: iArtistHandler:      iArtist: Carey Ott
31 Mar 15:51:18 - info: iArtistHandler:      iArtist: The Killers
31 Mar 15:51:20 - info: iArtistHandler:      iArtist: The Ditty Bops
31 Mar 15:51:43 - info: Serving a static file with pride
31 Mar 15:51:43 - info: GET /lastfm.html
31 Mar 15:51:44 - info: Serving a static file with pride
31 Mar 15:51:44 - info: GET /img/TheAlbumtross.png
31 Mar 15:51:45 - info: Serving a static file with pride
31 Mar 15:51:45 - info: GET /favicon.ico
31 Mar 15:51:45 - info: client connected
31 Mar 15:51:46 - info: garrettwilkin would like to contact Last.fm, how lovely.
31 Mar 15:51:46 - info: client disconnected
31 Mar 15:51:46 - info: YAY! LastFm returns success for garrettwilkin
31 Mar 15:51:46 - info: lastFmHandler : HTML by The Hot Toddies
31 Mar 15:51:46 - info: lastFmHandler : The Great Pretender by The Platters
31 Mar 15:51:46 - info: lastFmHandler : My True Story by The Jive Five
31 Mar 15:51:46 - info: lastFmHandler : Sophronie by Jimmy Martin
31 Mar 15:51:46 - info: lastFmHandler : Border Ride by Jim and Jesse
31 Mar 15:51:46 - info: lastFmHandler : Americano by The Brian Setzer Orchestra
31 Mar 15:51:46 - info: lastFmHandler : Breeze Black Night by The Ditty Bops
31 Mar 15:51:46 - info: lastFmHandler : Le Onde by Ludovico Einaudi
31 Mar 15:51:46 - info: lastFmHandler : Am I Just One by Carey Ott
31 Mar 15:51:46 - info: lastFmHandler : All These Things That I've Done by The Killers
31 Mar 15:51:46 - info: lastFmHandler : The Box by Johnny Flynn
31 Mar 15:51:46 - info: lastFmHandler : Sabre Dance by Արամ Խաչատրյան
31 Mar 15:51:46 - info: lastFmHandler : C'mon Yeah by The Sunshine
31 Mar 15:51:46 - info: lastFmHandler : Backfire at the Disco by The Wombats
31 Mar 15:51:46 - info: lastFmHandler : Calloway Boogie by Big Bad Voodoo Daddy
31 Mar 15:51:46 - info: lastFmHandler : Amanda Jewell by Ricky Skaggs
31 Mar 15:51:46 - info: lastFmHandler : Float On by Iron Horse
31 Mar 15:51:46 - info: lastFmHandler : Maybe Someday by The Cinematics
31 Mar 15:51:46 - info: lastFmHandler : West Coast by Coconut Records
31 Mar 15:51:46 - info: lastFmHandler : Only In The Past by The Be Good Tanyas
31 Mar 15:51:46 - info: iArtistHandler:      iArtist: The Hot Toddies
31 Mar 15:51:46 - info: iArtistHandler:      iArtist: The Jive Five
31 Mar 15:51:46 - info: iTrackHandler :      iTrack: My True Story by artist The Jive Five id : 128625189
31 Mar 15:51:46 - info: iTrackHandler : lastfmTrack: My True Story by artist The Jive Five mbid : 
31 Mar 15:51:46 - info: iArtistHandler:      iArtist: Jimmy Martin
31 Mar 15:51:46 - info: iTrackHandler :      iTrack: The Great Pretender by artist The Platters id : 1646486
31 Mar 15:51:46 - info: iTrackHandler : lastfmTrack: The Great Pretender by artist The Platters mbid : 
31 Mar 15:51:46 - info: iArtistHandler:      iArtist: The Platters
31 Mar 15:51:46 - info: iTrackHandler :      iTrack: Border Ride by artist Larry Keel & Natural Bridge id : 157686958
31 Mar 15:51:47 - info: iTrackHandler : lastfmTrack: Border Ride by artist Jim and Jesse mbid : 
31 Mar 15:51:47 - info: iArtistHandler:      iArtist: KC & The Sunshine Band
31 Mar 15:51:47 - info: iTrackHandler :      iTrack: undefined by artist undefined id : undefined
31 Mar 15:51:47 - info: iTrackHandler : lastfmTrack: Americano by artist The Brian Setzer Orchestra mbid : 
31 Mar 15:51:47 - info: iArtistHandler:      iArtist: The Ditty Bops
31 Mar 15:51:47 - info: iTrackHandler :      iTrack: Le onde by artist Ludovico Einaudi id : 153362807
31 Mar 15:51:47 - info: iTrackHandler : lastfmTrack: Le Onde by artist Ludovico Einaudi mbid : 
31 Mar 15:51:47 - info: iArtistHandler:      iArtist: Ludovico Einaudi
31 Mar 15:51:47 - info: iArtistHandler:      iArtist: The Killers
31 Mar 15:51:47 - info: iTrackHandler :      iTrack: undefined by artist undefined id : undefined
31 Mar 15:51:47 - info: iTrackHandler : lastfmTrack: The Box by artist Johnny Flynn mbid : 
31 Mar 15:51:47 - info: iTrackHandler :      iTrack: Am I Just One by artist Carey Ott id : 154808159
31 Mar 15:51:47 - info: iTrackHandler : lastfmTrack: Am I Just One by artist Carey Ott mbid : 
31 Mar 15:51:47 - info: iTrackHandler :      iTrack: Sophronie by artist Jimmy Martin id : 6765959
31 Mar 15:51:47 - info: iTrackHandler : lastfmTrack: Sophronie by artist Jimmy Martin mbid : 
31 Mar 15:51:47 - info: iArtistHandler:      iArtist: Jim & Jesse
31 Mar 15:51:47 - info: iTrackHandler :      iTrack: Breeze Black Night by artist The Ditty Bops id : 5499485
31 Mar 15:51:47 - info: iTrackHandler : lastfmTrack: Breeze Black Night by artist The Ditty Bops mbid : 
31 Mar 15:51:47 - info: iArtistHandler:      iArtist: The Wombats
31 Mar 15:51:47 - info: iArtistHandler:      iArtist: Big Bad Voodoo Daddy
31 Mar 15:51:47 - info: iArtistHandler:      iArtist: Coconut Records
31 Mar 15:51:47 - info: iArtistHandler:      iArtist: Johnny Flynn
31 Mar 15:51:47 - info: iTrackHandler :      iTrack: undefined by artist undefined id : undefined
31 Mar 15:51:47 - info: iTrackHandler : lastfmTrack: All These Things That I've Done by artist The Killers mbid : 
31 Mar 15:51:47 - info: iTrackHandler :      iTrack: undefined by artist undefined id : undefined
31 Mar 15:51:47 - info: iTrackHandler : lastfmTrack: HTML by artist The Hot Toddies mbid : 
31 Mar 15:51:47 - info: iTrackHandler :      iTrack: Sabre Dance by artist Franz Richter & Radio Orchestra Berlin id : 363276556
31 Mar 15:51:47 - info: iTrackHandler : lastfmTrack: Sabre Dance by artist Արամ Խաչատրյան mbid : 
31 Mar 15:51:47 - info: iArtistHandler:      iArtist: Ricky Skaggs
31 Mar 15:51:47 - info: iTrackHandler :      iTrack: undefined by artist undefined id : undefined
31 Mar 15:51:47 - info: iTrackHandler : lastfmTrack: West Coast by artist Coconut Records mbid : 
31 Mar 15:51:47 - info: iTrackHandler :      iTrack: Backfire At the Disco by artist The Wombats id : 278867773
31 Mar 15:51:47 - info: iTrackHandler : lastfmTrack: Backfire at the Disco by artist The Wombats mbid : 
31 Mar 15:51:47 - info: iTrackHandler :      iTrack: undefined by artist undefined id : undefined
31 Mar 15:51:47 - info: iTrackHandler : lastfmTrack: Float On by artist Iron Horse mbid : 
31 Mar 15:51:47 - info: iArtistHandler:      iArtist: Iron Horse
31 Mar 15:51:47 - info: iTrackHandler :      iTrack: Only In the Past by artist The Be Good Tanyas id : 412804372
31 Mar 15:51:47 - info: iTrackHandler : lastfmTrack: Only In The Past by artist The Be Good Tanyas mbid : 
31 Mar 15:51:47 - info: iArtistHandler: Could not find track
31 Mar 15:51:47 - info: iArtistHandler:      iArtist: The Cinematics
31 Mar 15:51:47 - info: iTrackHandler :      iTrack: C'Mon Yeah by artist The Sunshine id : 252980090
31 Mar 15:51:47 - info: iTrackHandler : lastfmTrack: C'mon Yeah by artist The Sunshine mbid : 
31 Mar 15:51:47 - info: iTrackHandler :      iTrack: Amanda Jewell by artist Ricky Skaggs & Kentucky Thunder id : 259757918
31 Mar 15:51:47 - info: iTrackHandler : lastfmTrack: Amanda Jewell by artist Ricky Skaggs mbid : 
31 Mar 15:51:47 - info: iArtistHandler:      iArtist: Carey Ott
31 Mar 15:51:47 - info: iArtistHandler:      iArtist: The Be Good Tanyas
31 Mar 15:51:47 - info: iTrackHandler :      iTrack: Maybe Someday by artist Black Stone Cherry id : 214472710
31 Mar 15:51:47 - info: iTrackHandler : lastfmTrack: Maybe Someday by artist The Cinematics mbid : 
31 Mar 15:51:47 - info: iTrackHandler :      iTrack: Calloway Boogie by artist Big Bad Voodoo Daddy id : 307629327
31 Mar 15:51:47 - info: iTrackHandler : lastfmTrack: Calloway Boogie by artist Big Bad Voodoo Daddy mbid : 
31 Mar 15:51:47 - info: iArtistHandler:      iArtist: The Brian Setzer Orchestra
