28 Mar 02:06:55 - info: Running as user: garrett UID: 1000 on port 80
28 Mar 02:06:55 - info: successful launch
28 Mar 02:06:55 - info: Configuration: garrettwilkin
28 Mar 02:06:55 - info: All JS code loaded
28 Mar 02:07:05 - info: Serving a static file with pride
28 Mar 02:07:05 - info: GET /lastfm.html
28 Mar 02:07:06 - info: Serving a static file with pride
28 Mar 02:07:06 - info: GET /img/TheAlbumtross.png
28 Mar 02:07:07 - info: Serving a static file with pride
28 Mar 02:07:07 - info: GET /favicon.ico
28 Mar 02:07:07 - info: client connected
28 Mar 02:07:09 - info: garrettwilkin would like to contact Last.fm, how lovely.
28 Mar 02:07:10 - info: YAY! LastFm returns success for garrettwilkin
28 Mar 02:07:10 - info: lastFmHandler : Sophronie by Jimmy Martin
28 Mar 02:07:10 - info: lastFmHandler : track JSON : {"name":"Sophronie","mbid":"","url":"http://www.last.fm/music/Jimmy+Martin/_/Sophronie","date":{"#text":"13 Mar 2011, 22:14","uts":"1300054453"},"artist":{"name":"Jimmy Martin","mbid":"ee850327-b528-4922-93e8-0c59a21ef50e","url":"http://www.last.fm/music/Jimmy+Martin"},"image":[{"#text":"http://images.amazon.com/images/P/B0000584VK.01.MZZZZZZZ.jpg","size":"small"},{"#text":"http://images.amazon.com/images/P/B0000584VK.01.MZZZZZZZ.jpg","size":"medium"},{"#text":"http://images.amazon.com/images/P/B0000584VK.01.MZZZZZZZ.jpg","size":"large"},{"#text":"http://images.amazon.com/images/P/B0000584VK.01.MZZZZZZZ.jpg","size":"extralarge"}],"streamable":{"#text":"1","fulltrack":"0"}}
28 Mar 02:07:10 - info: lastFmHandler : Border Ride by Jim and Jesse
28 Mar 02:07:10 - info: lastFmHandler : track JSON : {"name":"Border Ride","mbid":"","url":"http://www.last.fm/music/Jim+and+Jesse/_/Border+Ride","date":{"#text":"10 Mar 2011, 15:15","uts":"1299770118"},"artist":{"name":"Jim and Jesse","mbid":"09410112-c24e-405d-a0d3-cbe5b737f3cb","url":"http://www.last.fm/music/Jim+and+Jesse"},"image":[{"#text":"http://userserve-ak.last.fm/serve/34s/11967539.jpg","size":"small"},{"#text":"http://userserve-ak.last.fm/serve/64s/11967539.jpg","size":"medium"},{"#text":"http://userserve-ak.last.fm/serve/126/11967539.jpg","size":"large"},{"#text":"http://userserve-ak.last.fm/serve/300x300/11967539.jpg","size":"extralarge"}],"streamable":{"#text":"1","fulltrack":"0"}}
28 Mar 02:07:10 - info: iTrackHandler :      iTrack: Border Ride by artist Larry Keel & Natural Bridge id : 157686958
28 Mar 02:07:10 - info: iTrackHandler : lastfmTrack: Border Ride by artist Jim and Jesse mbid : 
28 Mar 02:07:10 - info: iTrackHandler :      iTrack: Sophronie by artist Jimmy Martin id : 6765959
28 Mar 02:07:10 - info: iTrackHandler : lastfmTrack: Sophronie by artist Jimmy Martin mbid : 
28 Mar 02:07:10 - info: iArtistHandler: success!!
28 Mar 02:07:10 - info: iArtistHandler: iArtist Full: {"artist":"http://itunes.apple.com/us/artist/jim-jesse/id759651?uo=4"}
28 Mar 02:07:10 - info: iArtistHandler:      iArtist: undefined
28 Mar 02:07:16 - info: iArtistHandler: success!!
28 Mar 02:07:16 - info: iArtistHandler: iArtist Full: {"artist":"http://itunes.apple.com/us/artist/jimmy-martin/id3441723?uo=4"}
28 Mar 02:07:16 - info: iArtistHandler:      iArtist: undefined
