5 Apr 11:33:59 - info: Running as user: garrett UID: 1000 on port 80
5 Apr 11:33:59 - info: successful launch
5 Apr 11:33:59 - info: Configuration: garrettwilkin
5 Apr 11:33:59 - info: All JS code loaded
5 Apr 11:34:06 - info: Serving a static file with pride
5 Apr 11:34:06 - info: GET /
5 Apr 11:34:06 - info: Serving a static file with pride
5 Apr 11:34:06 - info: GET /img/TheAlbumtross.png
5 Apr 11:34:06 - info: Serving a static file with pride
5 Apr 11:34:06 - info: GET /favicon.ico
5 Apr 11:34:07 - info: Serving a static file with pride
5 Apr 11:34:07 - info: GET /lastfm.html
5 Apr 11:34:07 - info: Serving a static file with pride
5 Apr 11:34:07 - info: GET /favicon.ico
5 Apr 11:34:07 - info: client connected
5 Apr 11:34:08 - info: garrettwilkin would like to contact Last.fm, how lovely.
5 Apr 11:34:09 - info: YAY! LastFm returns success for garrettwilkin
5 Apr 11:34:09 - info: lastFmHandler : Since I Don't Have You by The Skyliners
5 Apr 11:34:09 - info: lastFmHandler : HTML by The Hot Toddies
5 Apr 11:34:09 - info: lastFmHandler : The Great Pretender by The Platters
5 Apr 11:34:09 - info: lastFmHandler : My True Story by The Jive Five
5 Apr 11:34:09 - info: lastFmHandler : Sophronie by Jimmy Martin
5 Apr 11:34:09 - info: lastFmHandler : Border Ride by Jim and Jesse
5 Apr 11:34:09 - info: lastFmHandler : Americano by The Brian Setzer Orchestra
5 Apr 11:34:09 - info: lastFmHandler : Breeze Black Night by The Ditty Bops
5 Apr 11:34:09 - info: lastFmHandler : Le Onde by Ludovico Einaudi
5 Apr 11:34:09 - info: lastFmHandler : Am I Just One by Carey Ott
5 Apr 11:34:09 - info: lastFmHandler : All These Things That I've Done by The Killers
5 Apr 11:34:09 - info: lastFmHandler : The Box by Johnny Flynn
5 Apr 11:34:09 - info: lastFmHandler : Sabre Dance by Արամ Խաչատրյան
5 Apr 11:34:09 - info: lastFmHandler : C'mon Yeah by The Sunshine
5 Apr 11:34:09 - info: lastFmHandler : Backfire at the Disco by The Wombats
5 Apr 11:34:09 - info: lastFmHandler : Calloway Boogie by Big Bad Voodoo Daddy
5 Apr 11:34:09 - info: lastFmHandler : Amanda Jewell by Ricky Skaggs
5 Apr 11:34:09 - info: lastFmHandler : Float On by Iron Horse
5 Apr 11:34:09 - info: lastFmHandler : Maybe Someday by The Cinematics
5 Apr 11:34:09 - info: lastFmHandler : West Coast by Coconut Records
5 Apr 11:34:09 - info: iTrackHandler :      iTrack: undefined by artist undefined id : undefined
5 Apr 11:34:09 - info: iTrackHandler : lastfmTrack: HTML by artist The Hot Toddies mbid : 
5 Apr 11:34:09 - info: iArtistHandler:      iArtist: The Jive Five
5 Apr 11:34:09 - info: iArtistHandler:      iArtist: The Hot Toddies
5 Apr 11:34:09 - info: iArtistHandler:      iArtist: The Wombats
5 Apr 11:34:09 - info: iTrackHandler :      iTrack: Calloway Boogie by artist Big Bad Voodoo Daddy id : 307629327
5 Apr 11:34:09 - info: iTrackHandler : lastfmTrack: Calloway Boogie by artist Big Bad Voodoo Daddy mbid : 
5 Apr 11:34:09 - info: iArtistHandler:      iArtist: The Skyliners
5 Apr 11:34:09 - info: iTrackHandler :      iTrack: The Great Pretender by artist The Platters id : 1646486
5 Apr 11:34:09 - info: iTrackHandler : lastfmTrack: The Great Pretender by artist The Platters mbid : 
5 Apr 11:34:09 - info: iTrackHandler :      iTrack: Sabre Dance by artist Franz Richter & Radio Orchestra Berlin id : 363276556
5 Apr 11:34:09 - info: iTrackHandler : lastfmTrack: Sabre Dance by artist Արամ Խաչատրյան mbid : 
5 Apr 11:34:09 - info: iArtistHandler:      iArtist: KC & The Sunshine Band
5 Apr 11:34:09 - info: Serving a static file with pride
5 Apr 11:34:09 - info: GET /undefined
5 Apr 11:34:09 - info: iArtistHandler:      iArtist: Ludovico Einaudi
5 Apr 11:34:09 - info: iTrackHandler :      iTrack: Amanda Jewell by artist Ricky Skaggs & Kentucky Thunder id : 259757918
5 Apr 11:34:09 - info: iTrackHandler : lastfmTrack: Amanda Jewell by artist Ricky Skaggs mbid : 
5 Apr 11:34:09 - info: iArtistHandler:      iArtist: Ricky Skaggs
5 Apr 11:34:09 - info: iArtistHandler:      iArtist: Johnny Flynn
5 Apr 11:34:09 - info: iTrackHandler :      iTrack: undefined by artist undefined id : undefined
5 Apr 11:34:09 - info: iTrackHandler : lastfmTrack: The Box by artist Johnny Flynn mbid : 
5 Apr 11:34:09 - info: iArtistHandler:      iArtist: The Platters
5 Apr 11:34:09 - info: iTrackHandler :      iTrack: Breeze Black Night by artist The Ditty Bops id : 5499485
5 Apr 11:34:09 - info: iTrackHandler : lastfmTrack: Breeze Black Night by artist The Ditty Bops mbid : 
5 Apr 11:34:09 - info: iArtistHandler:      iArtist: Iron Horse
5 Apr 11:34:09 - info: iTrackHandler :      iTrack: Maybe Someday by artist Black Stone Cherry id : 214472710
5 Apr 11:34:09 - info: iTrackHandler : lastfmTrack: Maybe Someday by artist The Cinematics mbid : 
5 Apr 11:34:09 - info: iTrackHandler :      iTrack: Since I Don't Have You by artist Guns N' Roses id : 5669933
5 Apr 11:34:09 - info: iTrackHandler : lastfmTrack: Since I Don't Have You by artist The Skyliners mbid : 
5 Apr 11:34:09 - info: iTrackHandler :      iTrack: Border Ride by artist Larry Keel & Natural Bridge id : 157686958
5 Apr 11:34:09 - info: iTrackHandler : lastfmTrack: Border Ride by artist Jim and Jesse mbid : 
5 Apr 11:34:09 - info: iTrackHandler :      iTrack: undefined by artist undefined id : undefined
5 Apr 11:34:09 - info: iTrackHandler : lastfmTrack: Backfire at the Disco by artist The Wombats mbid : 
5 Apr 11:34:09 - info: iArtistHandler:      iArtist: Coconut Records
5 Apr 11:34:09 - info: iTrackHandler :      iTrack: My True Story by artist The Jive Five id : 128625189
5 Apr 11:34:09 - info: iTrackHandler : lastfmTrack: My True Story by artist The Jive Five mbid : 
5 Apr 11:34:09 - info: iArtistHandler:      iArtist: Carey Ott
5 Apr 11:34:09 - info: iArtistHandler:      iArtist: Big Bad Voodoo Daddy
5 Apr 11:34:10 - info: iTrackHandler :      iTrack: Am I Just One by artist Carey Ott id : 154808159
5 Apr 11:34:10 - info: iTrackHandler : lastfmTrack: Am I Just One by artist Carey Ott mbid : 
5 Apr 11:34:10 - info: Serving a static file with pride
5 Apr 11:34:10 - info: GET /undefined
5 Apr 11:34:10 - info: iTrackHandler :      iTrack: All These Things That I've Done by artist The Killers id : 14268735
5 Apr 11:34:10 - info: iTrackHandler : lastfmTrack: All These Things That I've Done by artist The Killers mbid : 
5 Apr 11:34:10 - info: iTrackHandler :      iTrack: Le onde by artist Ludovico Einaudi id : 153362807
5 Apr 11:34:10 - info: iTrackHandler : lastfmTrack: Le Onde by artist Ludovico Einaudi mbid : 
5 Apr 11:34:10 - info: iArtistHandler: Could not find track
5 Apr 11:34:10 - info: iTrackHandler :      iTrack: Sophronie by artist Jimmy Martin id : 6765959
5 Apr 11:34:10 - info: iTrackHandler : lastfmTrack: Sophronie by artist Jimmy Martin mbid : 
5 Apr 11:34:10 - info: iTrackHandler :      iTrack: undefined by artist undefined id : undefined
5 Apr 11:34:10 - info: iTrackHandler : lastfmTrack: Americano by artist The Brian Setzer Orchestra mbid : 
5 Apr 11:34:10 - info: iArtistHandler:      iArtist: The Brian Setzer Orchestra
5 Apr 11:34:10 - info: iTrackHandler :      iTrack: undefined by artist undefined id : undefined
5 Apr 11:34:10 - info: iTrackHandler : lastfmTrack: West Coast by artist Coconut Records mbid : 
5 Apr 11:34:10 - info: iArtistHandler:      iArtist: Jim & Jesse
5 Apr 11:34:10 - info: iArtistHandler:      iArtist: The Cinematics
5 Apr 11:34:10 - info: iArtistHandler:      iArtist: The Ditty Bops
5 Apr 11:34:10 - info: iTrackHandler :      iTrack: undefined by artist undefined id : undefined
5 Apr 11:34:10 - info: iTrackHandler : lastfmTrack: Float On by artist Iron Horse mbid : 
5 Apr 11:34:10 - info: iArtistHandler:      iArtist: The Killers
5 Apr 11:34:10 - info: Serving a static file with pride
5 Apr 11:34:10 - info: GET /undefined
5 Apr 11:34:11 - info: iTrackHandler :      iTrack: C'Mon Yeah by artist The Sunshine id : 252980090
5 Apr 11:34:11 - info: iTrackHandler : lastfmTrack: C'mon Yeah by artist The Sunshine mbid : 
5 Apr 11:34:11 - info: iArtistHandler:      iArtist: Jimmy Martin
5 Apr 11:37:55 - info: Serving a static file with pride
5 Apr 11:37:55 - info: GET /favicon.ico
5 Apr 11:38:49 - info: Serving a static file with pride
5 Apr 11:38:49 - info: GET /lastfm.html
5 Apr 11:38:49 - info: Serving a static file with pride
5 Apr 11:38:49 - info: GET /img/TheAlbumtross.png
5 Apr 11:38:49 - info: Serving a static file with pride
5 Apr 11:38:49 - info: GET /favicon.ico
5 Apr 11:38:49 - info: client connected
5 Apr 11:38:51 - info: client disconnected
5 Apr 11:38:52 - info: garrettwilkin would like to contact Last.fm, how lovely.
5 Apr 11:38:52 - info: YAY! LastFm returns success for garrettwilkin
5 Apr 11:38:52 - info: lastFmHandler : Since I Don't Have You by The Skyliners
5 Apr 11:38:52 - info: lastFmHandler : HTML by The Hot Toddies
5 Apr 11:38:52 - info: lastFmHandler : The Great Pretender by The Platters
5 Apr 11:38:52 - info: lastFmHandler : My True Story by The Jive Five
5 Apr 11:38:52 - info: lastFmHandler : Sophronie by Jimmy Martin
5 Apr 11:38:52 - info: lastFmHandler : Border Ride by Jim and Jesse
5 Apr 11:38:52 - info: lastFmHandler : Americano by The Brian Setzer Orchestra
5 Apr 11:38:52 - info: lastFmHandler : Breeze Black Night by The Ditty Bops
5 Apr 11:38:52 - info: lastFmHandler : Le Onde by Ludovico Einaudi
5 Apr 11:38:52 - info: lastFmHandler : Am I Just One by Carey Ott
5 Apr 11:38:52 - info: lastFmHandler : All These Things That I've Done by The Killers
5 Apr 11:38:52 - info: lastFmHandler : The Box by Johnny Flynn
5 Apr 11:38:52 - info: lastFmHandler : Sabre Dance by Արամ Խաչատրյան
5 Apr 11:38:52 - info: lastFmHandler : C'mon Yeah by The Sunshine
5 Apr 11:38:52 - info: lastFmHandler : Backfire at the Disco by The Wombats
5 Apr 11:38:52 - info: lastFmHandler : Calloway Boogie by Big Bad Voodoo Daddy
5 Apr 11:38:52 - info: lastFmHandler : Amanda Jewell by Ricky Skaggs
5 Apr 11:38:52 - info: lastFmHandler : Float On by Iron Horse
5 Apr 11:38:52 - info: lastFmHandler : Maybe Someday by The Cinematics
5 Apr 11:38:52 - info: lastFmHandler : West Coast by Coconut Records
5 Apr 11:38:53 - info: iArtistHandler:      iArtist: The Hot Toddies
5 Apr 11:38:53 - info: iTrackHandler :      iTrack: Border Ride by artist Larry Keel & Natural Bridge id : 157686958
5 Apr 11:38:53 - info: iTrackHandler : lastfmTrack: Border Ride by artist Jim and Jesse mbid : 
5 Apr 11:38:53 - info: iTrackHandler :      iTrack: Sophronie by artist Jimmy Martin id : 6765959
5 Apr 11:38:53 - info: iTrackHandler : lastfmTrack: Sophronie by artist Jimmy Martin mbid : 
5 Apr 11:38:53 - info: iArtistHandler:      iArtist: The Platters
5 Apr 11:38:53 - info: iArtistHandler:      iArtist: The Jive Five
5 Apr 11:38:53 - info: iTrackHandler :      iTrack: We No Speak Americano by artist Yolanda Be Cool & Dcup id : 381418895
5 Apr 11:38:53 - info: iTrackHandler : lastfmTrack: Americano by artist The Brian Setzer Orchestra mbid : 
5 Apr 11:38:53 - info: iArtistHandler:      iArtist: The Skyliners
5 Apr 11:38:53 - info: iArtistHandler:      iArtist: Jimmy Martin
5 Apr 11:38:53 - info: iTrackHandler :      iTrack: My True Story by artist The Jive Five id : 128625189
5 Apr 11:38:53 - info: iTrackHandler : lastfmTrack: My True Story by artist The Jive Five mbid : 
5 Apr 11:38:53 - info: iTrackHandler :      iTrack: Since I Don't Have You by artist Guns N' Roses id : 5669933
5 Apr 11:38:53 - info: iTrackHandler : lastfmTrack: Since I Don't Have You by artist The Skyliners mbid : 
5 Apr 11:38:53 - info: iTrackHandler :      iTrack: Le onde by artist Ludovico Einaudi id : 153362807
5 Apr 11:38:53 - info: iTrackHandler : lastfmTrack: Le Onde by artist Ludovico Einaudi mbid : 
5 Apr 11:38:53 - info: iArtistHandler:      iArtist: Jim & Jesse
5 Apr 11:38:53 - info: iTrackHandler :      iTrack: The Great Pretender by artist The Platters id : 1646486
5 Apr 11:38:53 - info: iTrackHandler : lastfmTrack: The Great Pretender by artist The Platters mbid : 
5 Apr 11:38:53 - info: iTrackHandler :      iTrack: Am I Just One by artist Carey Ott id : 154808159
5 Apr 11:38:53 - info: iTrackHandler : lastfmTrack: Am I Just One by artist Carey Ott mbid : 
5 Apr 11:38:53 - info: iArtistHandler:      iArtist: Ludovico Einaudi
5 Apr 11:38:53 - info: iTrackHandler :      iTrack: Sabre Dance by artist Franz Richter & Radio Orchestra Berlin id : 363276556
5 Apr 11:38:53 - info: iTrackHandler : lastfmTrack: Sabre Dance by artist Արամ Խաչատրյան mbid : 
5 Apr 11:38:53 - info: iTrackHandler :      iTrack: C'Mon Yeah by artist The Sunshine id : 252980090
5 Apr 11:38:53 - info: iTrackHandler : lastfmTrack: C'mon Yeah by artist The Sunshine mbid : 
5 Apr 11:38:53 - info: iArtistHandler:      iArtist: The Wombats
5 Apr 11:38:53 - info: iArtistHandler:      iArtist: Coconut Records
5 Apr 11:38:53 - info: iTrackHandler :      iTrack: undefined by artist undefined id : undefined
5 Apr 11:38:53 - info: iTrackHandler : lastfmTrack: HTML by artist The Hot Toddies mbid : 
5 Apr 11:38:53 - info: iTrackHandler :      iTrack: Breeze Black Night by artist The Ditty Bops id : 5499485
5 Apr 11:38:53 - info: iTrackHandler : lastfmTrack: Breeze Black Night by artist The Ditty Bops mbid : 
5 Apr 11:38:53 - info: Serving a static file with pride
5 Apr 11:38:53 - info: GET /undefined
5 Apr 11:38:53 - info: iArtistHandler:      iArtist: The Ditty Bops
5 Apr 11:38:53 - info: iArtistHandler:      iArtist: Big Bad Voodoo Daddy
5 Apr 11:38:53 - info: iTrackHandler :      iTrack: undefined by artist undefined id : undefined
5 Apr 11:38:53 - info: iTrackHandler : lastfmTrack: Float On by artist Iron Horse mbid : 
5 Apr 11:38:53 - info: iArtistHandler:      iArtist: The Brian Setzer Orchestra
5 Apr 11:38:53 - info: Serving a static file with pride
5 Apr 11:38:53 - info: GET /undefined
5 Apr 11:38:53 - info: iArtistHandler:      iArtist: Johnny Flynn
5 Apr 11:38:53 - info: iArtistHandler:      iArtist: The Cinematics
5 Apr 11:38:53 - info: iTrackHandler :      iTrack: Calloway Boogie by artist Big Bad Voodoo Daddy id : 307629327
5 Apr 11:38:53 - info: iTrackHandler : lastfmTrack: Calloway Boogie by artist Big Bad Voodoo Daddy mbid : 
5 Apr 11:38:53 - info: iTrackHandler :      iTrack: West Coast by artist Coconut Records id : 219389666
5 Apr 11:38:53 - info: iTrackHandler : lastfmTrack: West Coast by artist Coconut Records mbid : 
5 Apr 11:38:53 - info: iArtistHandler:      iArtist: Carey Ott
5 Apr 11:38:53 - info: iArtistHandler: Could not find track
5 Apr 11:38:53 - info: iArtistHandler:      iArtist: The Killers
5 Apr 11:38:53 - info: iTrackHandler :      iTrack: Amanda Jewell by artist Ricky Skaggs & Kentucky Thunder id : 259757918
5 Apr 11:38:53 - info: iTrackHandler : lastfmTrack: Amanda Jewell by artist Ricky Skaggs mbid : 
5 Apr 11:38:53 - info: iArtistHandler:      iArtist: KC & The Sunshine Band
5 Apr 11:38:53 - info: iArtistHandler:      iArtist: Ricky Skaggs
5 Apr 11:38:53 - info: iTrackHandler :      iTrack: Maybe Someday by artist Black Stone Cherry id : 214472710
5 Apr 11:38:53 - info: iTrackHandler : lastfmTrack: Maybe Someday by artist The Cinematics mbid : 
5 Apr 11:38:53 - info: iArtistHandler:      iArtist: Iron Horse
5 Apr 11:38:53 - info: iTrackHandler :      iTrack: undefined by artist undefined id : undefined
5 Apr 11:38:53 - info: iTrackHandler : lastfmTrack: All These Things That I've Done by artist The Killers mbid : 
5 Apr 11:38:53 - info: Serving a static file with pride
5 Apr 11:38:53 - info: GET /undefined
5 Apr 11:38:53 - info: iTrackHandler :      iTrack: Backfire At the Disco by artist The Wombats id : 278867773
5 Apr 11:38:53 - info: iTrackHandler : lastfmTrack: Backfire at the Disco by artist The Wombats mbid : 
5 Apr 11:38:53 - info: iTrackHandler :      iTrack: The Box by artist Randy Travis id : 307031291
5 Apr 11:38:53 - info: iTrackHandler : lastfmTrack: The Box by artist Johnny Flynn mbid : 
5 Apr 11:40:00 - info:  would like to contact Last.fm, how lovely.
5 Apr 11:40:00 - info: YAY! LastFm returns success for 
