30 Mar 20:41:29 - info: Running as user: garrett UID: 1000 on port 80
30 Mar 20:41:29 - info: successful launch
30 Mar 20:41:29 - info: Configuration: garrettwilkin
30 Mar 20:41:29 - info: All JS code loaded
30 Mar 20:41:33 - info: Serving a static file with pride
30 Mar 20:41:33 - info: GET /lastfm.html
30 Mar 20:41:34 - info: Serving a static file with pride
30 Mar 20:41:34 - info: GET /img/TheAlbumtross.png
30 Mar 20:41:35 - info: Serving a static file with pride
30 Mar 20:41:35 - info: GET /favicon.ico
30 Mar 20:41:35 - info: client connected
30 Mar 20:41:38 - info: garrettwilkin would like to contact Last.fm, how lovely.
30 Mar 20:41:39 - info: YAY! LastFm returns success for garrettwilkin
30 Mar 20:41:39 - info: lastFmHandler : HTML by The Hot Toddies
30 Mar 20:41:39 - info: lastFmHandler : The Great Pretender by The Platters
30 Mar 20:41:39 - info: lastFmHandler : My True Story by The Jive Five
30 Mar 20:41:39 - info: lastFmHandler : Sophronie by Jimmy Martin
30 Mar 20:41:39 - info: lastFmHandler : Border Ride by Jim and Jesse
30 Mar 20:41:39 - info: lastFmHandler : Americano by The Brian Setzer Orchestra
30 Mar 20:41:39 - info: lastFmHandler : Breeze Black Night by The Ditty Bops
30 Mar 20:41:39 - info: lastFmHandler : Le Onde by Ludovico Einaudi
30 Mar 20:41:39 - info: lastFmHandler : Am I Just One by Carey Ott
30 Mar 20:41:39 - info: lastFmHandler : All These Things That I've Done by The Killers
30 Mar 20:41:39 - info: lastFmHandler : The Box by Johnny Flynn
30 Mar 20:41:39 - info: lastFmHandler : Sabre Dance by Արամ Խաչատրյան
30 Mar 20:41:39 - info: lastFmHandler : C'mon Yeah by The Sunshine
30 Mar 20:41:39 - info: lastFmHandler : Backfire at the Disco by The Wombats
30 Mar 20:41:39 - info: lastFmHandler : Calloway Boogie by Big Bad Voodoo Daddy
30 Mar 20:41:39 - info: lastFmHandler : Amanda Jewell by Ricky Skaggs
30 Mar 20:41:39 - info: lastFmHandler : Float On by Iron Horse
30 Mar 20:41:39 - info: lastFmHandler : Maybe Someday by The Cinematics
30 Mar 20:41:39 - info: lastFmHandler : West Coast by Coconut Records
30 Mar 20:41:39 - info: lastFmHandler : Only In The Past by The Be Good Tanyas
30 Mar 20:41:39 - info: iTrackHandler :      iTrack: My True Story by artist The Jive Five id : 128625189
30 Mar 20:41:39 - info: iTrackHandler : lastfmTrack: My True Story by artist The Jive Five mbid : 
30 Mar 20:41:39 - info: iTrackHandler :      iTrack: undefined by artist undefined id : undefined
30 Mar 20:41:39 - info: iTrackHandler : lastfmTrack: HTML by artist The Hot Toddies mbid : 
30 Mar 20:41:39 - info: iTrackHandler :      iTrack: Sophronie by artist Jimmy Martin id : 6765959
30 Mar 20:41:39 - info: iTrackHandler : lastfmTrack: Sophronie by artist Jimmy Martin mbid : 
30 Mar 20:41:39 - info: iArtistHandler:      iArtist: The Wombats
30 Mar 20:41:39 - info: iArtistHandler:      iArtist: Jim & Jesse
30 Mar 20:41:39 - info: iArtistHandler:      iArtist: The Ditty Bops
30 Mar 20:41:39 - info: iArtistHandler:      iArtist: KC & The Sunshine Band
30 Mar 20:41:39 - info: iTrackHandler :      iTrack: Am I Just One by artist Carey Ott id : 154808159
30 Mar 20:41:39 - info: iTrackHandler : lastfmTrack: Am I Just One by artist Carey Ott mbid : 
30 Mar 20:41:39 - info: iArtistHandler:      iArtist: Jimmy Martin
30 Mar 20:41:39 - info: iTrackHandler :      iTrack: Maybe Someday by artist Black Stone Cherry id : 214472710
30 Mar 20:41:39 - info: iTrackHandler : lastfmTrack: Maybe Someday by artist The Cinematics mbid : 
30 Mar 20:41:39 - info: iArtistHandler:      iArtist: The Be Good Tanyas
30 Mar 20:41:39 - info: iTrackHandler :      iTrack: Float On by artist Modest Mouse id : 201257515
30 Mar 20:41:39 - info: iTrackHandler : lastfmTrack: Float On by artist Iron Horse mbid : 
30 Mar 20:41:39 - info: iArtistHandler:      iArtist: Iron Horse
30 Mar 20:41:39 - info: iTrackHandler :      iTrack: Only In the Past by artist The Be Good Tanyas id : 412804372
30 Mar 20:41:39 - info: iTrackHandler : lastfmTrack: Only In The Past by artist The Be Good Tanyas mbid : 
30 Mar 20:41:39 - info: iTrackHandler :      iTrack: The Great Pretender by artist The Platters id : 1646486
30 Mar 20:41:39 - info: iTrackHandler : lastfmTrack: The Great Pretender by artist The Platters mbid : 
30 Mar 20:41:39 - info: iTrackHandler :      iTrack: We No Speak Americano by artist Yolanda Be Cool & Dcup id : 381418895
30 Mar 20:41:39 - info: iTrackHandler : lastfmTrack: Americano by artist The Brian Setzer Orchestra mbid : 
30 Mar 20:41:39 - info: iArtistHandler:      iArtist: Big Bad Voodoo Daddy
30 Mar 20:41:39 - info: iArtistHandler:      iArtist: Coconut Records
30 Mar 20:41:39 - info: iArtistHandler:      iArtist: Ludovico Einaudi
30 Mar 20:41:39 - info: iArtistHandler:      iArtist: Carey Ott
30 Mar 20:41:39 - info: iTrackHandler :      iTrack: Le onde by artist Ludovico Einaudi id : 153362807
30 Mar 20:41:39 - info: iTrackHandler : lastfmTrack: Le Onde by artist Ludovico Einaudi mbid : 
30 Mar 20:41:39 - info: iArtistHandler:      iArtist: The Hot Toddies
30 Mar 20:41:39 - info: iTrackHandler :      iTrack: Calloway Boogie by artist Big Bad Voodoo Daddy id : 307629327
30 Mar 20:41:39 - info: iTrackHandler : lastfmTrack: Calloway Boogie by artist Big Bad Voodoo Daddy mbid : 
30 Mar 20:41:39 - info: iTrackHandler :      iTrack: Sabre Dance by artist Franz Richter & Radio Orchestra Berlin id : 363276556
30 Mar 20:41:39 - info: iTrackHandler : lastfmTrack: Sabre Dance by artist Արամ Խաչատրյան mbid : 
30 Mar 20:41:39 - info: iTrackHandler :      iTrack: undefined by artist undefined id : undefined
30 Mar 20:41:39 - info: iTrackHandler : lastfmTrack: Backfire at the Disco by artist The Wombats mbid : 
30 Mar 20:41:39 - info: iTrackHandler :      iTrack: Border Ride by artist Larry Keel & Natural Bridge id : 157686958
30 Mar 20:41:39 - info: iTrackHandler : lastfmTrack: Border Ride by artist Jim and Jesse mbid : 
30 Mar 20:41:39 - info: iArtistHandler: Could not find track
30 Mar 20:41:40 - info: iArtistHandler:      iArtist: Ricky Skaggs
30 Mar 20:41:40 - info: iArtistHandler:      iArtist: Johnny Flynn
30 Mar 20:41:40 - info: iArtistHandler:      iArtist: The Cinematics
30 Mar 20:41:40 - info: iArtistHandler:      iArtist: The Killers
30 Mar 20:41:40 - info: iTrackHandler :      iTrack: undefined by artist undefined id : undefined
30 Mar 20:41:40 - info: iTrackHandler : lastfmTrack: All These Things That I've Done by artist The Killers mbid : 
30 Mar 20:41:40 - info: iTrackHandler :      iTrack: Breeze Black Night by artist The Ditty Bops id : 5499485
30 Mar 20:41:40 - info: iTrackHandler : lastfmTrack: Breeze Black Night by artist The Ditty Bops mbid : 
30 Mar 20:41:40 - info: iTrackHandler :      iTrack: The Box by artist Randy Travis id : 307031291
30 Mar 20:41:40 - info: iTrackHandler : lastfmTrack: The Box by artist Johnny Flynn mbid : 
30 Mar 20:41:40 - info: iTrackHandler :      iTrack: C'Mon Yeah by artist The Sunshine id : 252980090
30 Mar 20:41:40 - info: iTrackHandler : lastfmTrack: C'mon Yeah by artist The Sunshine mbid : 
30 Mar 20:41:40 - info: iTrackHandler :      iTrack: Amanda Jewell by artist Ricky Skaggs & Kentucky Thunder id : 259757918
30 Mar 20:41:40 - info: iTrackHandler : lastfmTrack: Amanda Jewell by artist Ricky Skaggs mbid : 
30 Mar 20:41:40 - info: iArtistHandler:      iArtist: The Brian Setzer Orchestra
30 Mar 20:41:40 - info: iArtistHandler:      iArtist: The Platters
30 Mar 20:41:41 - info: iArtistHandler:      iArtist: The Jive Five
30 Mar 20:41:41 - info: iTrackHandler :      iTrack: undefined by artist undefined id : undefined
30 Mar 20:41:41 - info: iTrackHandler : lastfmTrack: West Coast by artist Coconut Records mbid : 
