30 Mar 19:54:16 - info: Running as user: garrett UID: 1000 on port 80
30 Mar 19:54:16 - info: successful launch
30 Mar 19:54:16 - info: Configuration: garrettwilkin
30 Mar 19:54:16 - info: All JS code loaded
30 Mar 19:54:21 - info: Serving a static file with pride
30 Mar 19:54:21 - info: GET /
30 Mar 19:54:22 - info: Serving a static file with pride
30 Mar 19:54:22 - info: GET /img/TheAlbumtross.png
30 Mar 19:54:22 - info: Serving a static file with pride
30 Mar 19:54:22 - info: GET /favicon.ico
30 Mar 19:59:46 - info: Serving a static file with pride
30 Mar 19:59:46 - info: GET /
30 Mar 19:59:47 - info: Serving a static file with pride
30 Mar 19:59:47 - info: GET /img/TheAlbumtross.png
30 Mar 19:59:47 - info: Serving a static file with pride
30 Mar 19:59:47 - info: GET /favicon.ico
30 Mar 19:59:48 - info: Serving a static file with pride
30 Mar 19:59:48 - info: GET /lastfm.html
30 Mar 19:59:50 - info: Serving a static file with pride
30 Mar 19:59:50 - info: GET /favicon.ico
30 Mar 19:59:51 - info: client connected
30 Mar 19:59:54 - info: Serving a static file with pride
30 Mar 19:59:54 - info: GET /lastfm.html
30 Mar 19:59:55 - info: Serving a static file with pride
30 Mar 19:59:55 - info: GET /img/TheAlbumtross.png
30 Mar 19:59:56 - info: Serving a static file with pride
30 Mar 19:59:56 - info: GET /favicon.ico
30 Mar 19:59:56 - info: client connected
30 Mar 19:59:56 - info: client disconnected
30 Mar 20:00:00 - info: Serving a static file with pride
30 Mar 20:00:00 - info: GET /lastfm.html
30 Mar 20:00:01 - info: Serving a static file with pride
30 Mar 20:00:01 - info: GET /img/TheAlbumtross.png
30 Mar 20:00:02 - info: Serving a static file with pride
30 Mar 20:00:02 - info: GET /favicon.ico
30 Mar 20:00:02 - info: client connected
30 Mar 20:00:02 - info: client disconnected
30 Mar 20:01:49 - info: Serving a static file with pride
30 Mar 20:01:49 - info: GET /lastfm.html
30 Mar 20:01:50 - info: Serving a static file with pride
30 Mar 20:01:50 - info: GET /img/TheAlbumtross.png
30 Mar 20:01:50 - info: Serving a static file with pride
30 Mar 20:01:50 - info: GET /favicon.ico
30 Mar 20:01:51 - info: client connected
30 Mar 20:01:51 - info: client disconnected
30 Mar 20:01:52 - info: garrettwilkin would like to contact Last.fm, how lovely.
30 Mar 20:01:52 - info: YAY! LastFm returns success for garrettwilkin
30 Mar 20:01:52 - info: lastFmHandler : HTML by The Hot Toddies
30 Mar 20:01:52 - info: lastFmHandler : The Great Pretender by The Platters
30 Mar 20:01:52 - info: lastFmHandler : My True Story by The Jive Five
30 Mar 20:01:52 - info: lastFmHandler : Sophronie by Jimmy Martin
30 Mar 20:01:52 - info: lastFmHandler : Border Ride by Jim and Jesse
30 Mar 20:01:52 - info: lastFmHandler : Americano by The Brian Setzer Orchestra
30 Mar 20:01:52 - info: lastFmHandler : Breeze Black Night by The Ditty Bops
30 Mar 20:01:52 - info: lastFmHandler : Le Onde by Ludovico Einaudi
30 Mar 20:01:52 - info: lastFmHandler : Am I Just One by Carey Ott
30 Mar 20:01:52 - info: lastFmHandler : All These Things That I've Done by The Killers
30 Mar 20:01:52 - info: lastFmHandler : The Box by Johnny Flynn
30 Mar 20:01:52 - info: lastFmHandler : Sabre Dance by Արամ Խաչատրյան
30 Mar 20:01:52 - info: lastFmHandler : C'mon Yeah by The Sunshine
30 Mar 20:01:52 - info: lastFmHandler : Backfire at the Disco by The Wombats
30 Mar 20:01:52 - info: lastFmHandler : Calloway Boogie by Big Bad Voodoo Daddy
30 Mar 20:01:52 - info: lastFmHandler : Amanda Jewell by Ricky Skaggs
30 Mar 20:01:52 - info: lastFmHandler : Float On by Iron Horse
30 Mar 20:01:52 - info: lastFmHandler : Maybe Someday by The Cinematics
30 Mar 20:01:52 - info: lastFmHandler : West Coast by Coconut Records
30 Mar 20:01:52 - info: lastFmHandler : Only In The Past by The Be Good Tanyas
30 Mar 20:01:53 - info: iTrackHandler :      iTrack: My True Story by artist The Jive Five id : 128625189
30 Mar 20:01:53 - info: iTrackHandler : lastfmTrack: My True Story by artist The Jive Five mbid : 
30 Mar 20:01:53 - info: iArtistHandler:      iArtist: The Brian Setzer Orchestra
30 Mar 20:01:53 - info: iTrackHandler :      iTrack: HTML by artist The Hot Toddies id : 320900848
30 Mar 20:01:53 - info: iTrackHandler : lastfmTrack: HTML by artist The Hot Toddies mbid : 
30 Mar 20:01:53 - info: iArtistHandler:      iArtist: The Hot Toddies
30 Mar 20:01:53 - info: iArtistHandler:      iArtist: The Platters
30 Mar 20:01:53 - info: iArtistHandler:      iArtist: The Jive Five
30 Mar 20:01:53 - info: iTrackHandler :      iTrack: We No Speak Americano by artist Yolanda Be Cool & Dcup id : 381418895
30 Mar 20:01:53 - info: iTrackHandler : lastfmTrack: Americano by artist The Brian Setzer Orchestra mbid : 
30 Mar 20:01:53 - info: iTrackHandler :      iTrack: Sophronie by artist Jimmy Martin id : 6765959
30 Mar 20:01:53 - info: iTrackHandler : lastfmTrack: Sophronie by artist Jimmy Martin mbid : 
30 Mar 20:01:53 - info: iArtistHandler:      iArtist: Ludovico Einaudi
30 Mar 20:01:53 - info: iArtistHandler:      iArtist: Jim & Jesse
30 Mar 20:01:53 - info: iTrackHandler :      iTrack: Border Ride by artist Larry Keel & Natural Bridge id : 157686958
30 Mar 20:01:53 - info: iTrackHandler : lastfmTrack: Border Ride by artist Jim and Jesse mbid : 
30 Mar 20:01:53 - info: iArtistHandler:      iArtist: The Ditty Bops
30 Mar 20:01:53 - info: iArtistHandler:      iArtist: Johnny Flynn
30 Mar 20:01:53 - info: iTrackHandler :      iTrack: Le onde by artist Ludovico Einaudi id : 153362807
30 Mar 20:01:53 - info: iTrackHandler : lastfmTrack: Le Onde by artist Ludovico Einaudi mbid : 
30 Mar 20:01:53 - info: iArtistHandler: Could not find track
30 Mar 20:01:53 - info: iTrackHandler :      iTrack: Breeze Black Night by artist The Ditty Bops id : 5499485
30 Mar 20:01:53 - info: iTrackHandler : lastfmTrack: Breeze Black Night by artist The Ditty Bops mbid : 
30 Mar 20:01:53 - info: iArtistHandler:      iArtist: Carey Ott
30 Mar 20:01:53 - info: iArtistHandler:      iArtist: KC & The Sunshine Band
30 Mar 20:01:53 - info: iTrackHandler :      iTrack: Sabre Dance by artist Franz Richter & Radio Orchestra Berlin id : 363276556
30 Mar 20:01:53 - info: iTrackHandler : lastfmTrack: Sabre Dance by artist Արամ Խաչատրյան mbid : 
30 Mar 20:01:53 - info: iTrackHandler :      iTrack: C'Mon Yeah by artist The Sunshine id : 252980090
30 Mar 20:01:53 - info: iTrackHandler : lastfmTrack: C'mon Yeah by artist The Sunshine mbid : 
30 Mar 20:01:53 - info: iArtistHandler:      iArtist: Coconut Records
30 Mar 20:01:53 - info: iTrackHandler :      iTrack: Am I Just One by artist Carey Ott id : 154808159
30 Mar 20:01:53 - info: iTrackHandler : lastfmTrack: Am I Just One by artist Carey Ott mbid : 
30 Mar 20:01:53 - info: iTrackHandler :      iTrack: undefined by artist undefined id : undefined
30 Mar 20:01:53 - info: iTrackHandler : lastfmTrack: Float On by artist Iron Horse mbid : 
30 Mar 20:01:53 - info: iArtistHandler:      iArtist: The Be Good Tanyas
30 Mar 20:01:53 - info: iTrackHandler :      iTrack: undefined by artist undefined id : undefined
30 Mar 20:01:53 - info: iTrackHandler : lastfmTrack: All These Things That I've Done by artist The Killers mbid : 
30 Mar 20:01:53 - info: iArtistHandler:      iArtist: The Wombats
30 Mar 20:01:53 - info: iTrackHandler :      iTrack: Amanda Jewell by artist Ricky Skaggs & Kentucky Thunder id : 259757918
30 Mar 20:01:53 - info: iTrackHandler : lastfmTrack: Amanda Jewell by artist Ricky Skaggs mbid : 
30 Mar 20:01:53 - info: iTrackHandler :      iTrack: The Box by artist Randy Travis id : 307031291
30 Mar 20:01:53 - info: iTrackHandler : lastfmTrack: The Box by artist Johnny Flynn mbid : 
30 Mar 20:01:53 - info: iArtistHandler:      iArtist: Ricky Skaggs
30 Mar 20:01:53 - info: iTrackHandler :      iTrack: Maybe Someday by artist Black Stone Cherry id : 214472710
30 Mar 20:01:53 - info: iTrackHandler : lastfmTrack: Maybe Someday by artist The Cinematics mbid : 
30 Mar 20:01:53 - info: iArtistHandler:      iArtist: Iron Horse
30 Mar 20:01:53 - info: iTrackHandler :      iTrack: West Coast by artist Coconut Records id : 219389666
30 Mar 20:01:53 - info: iTrackHandler : lastfmTrack: West Coast by artist Coconut Records mbid : 
30 Mar 20:01:53 - info: iArtistHandler:      iArtist: Big Bad Voodoo Daddy
30 Mar 20:01:53 - info: iTrackHandler :      iTrack: The Great Pretender by artist The Platters id : 1646486
30 Mar 20:01:53 - info: iTrackHandler : lastfmTrack: The Great Pretender by artist The Platters mbid : 
30 Mar 20:01:53 - info: iTrackHandler :      iTrack: Calloway Boogie by artist Big Bad Voodoo Daddy id : 307629327
30 Mar 20:01:53 - info: iTrackHandler : lastfmTrack: Calloway Boogie by artist Big Bad Voodoo Daddy mbid : 
30 Mar 20:01:54 - info: iTrackHandler :      iTrack: Backfire At the Disco by artist The Wombats id : 278867773
30 Mar 20:01:54 - info: iTrackHandler : lastfmTrack: Backfire at the Disco by artist The Wombats mbid : 
30 Mar 20:01:54 - info: iArtistHandler:      iArtist: The Cinematics
30 Mar 20:01:55 - info: iArtistHandler:      iArtist: Jimmy Martin
30 Mar 20:01:56 - info: iTrackHandler :      iTrack: Only In the Past by artist The Be Good Tanyas id : 412804372
30 Mar 20:01:56 - info: iTrackHandler : lastfmTrack: Only In The Past by artist The Be Good Tanyas mbid : 
30 Mar 20:01:56 - info: iArtistHandler:      iArtist: The Killers
30 Mar 20:14:38 - info: Serving a static file with pride
30 Mar 20:14:38 - info: GET /lastfm.html
30 Mar 20:14:38 - info: Serving a static file with pride
30 Mar 20:14:38 - info: GET /img/TheAlbumtross.png
30 Mar 20:14:39 - info: Serving a static file with pride
30 Mar 20:14:39 - info: GET /favicon.ico
30 Mar 20:14:39 - info: client connected
30 Mar 20:14:40 - info: client disconnected
30 Mar 20:14:59 - info: Serving a static file with pride
30 Mar 20:14:59 - info: GET /lastfm.html
30 Mar 20:15:00 - info: Serving a static file with pride
30 Mar 20:15:00 - info: GET /img/TheAlbumtross.png
30 Mar 20:15:01 - info: Serving a static file with pride
30 Mar 20:15:01 - info: GET /favicon.ico
30 Mar 20:15:01 - info: client connected
30 Mar 20:15:02 - info: client disconnected
30 Mar 20:15:17 - info: Serving a static file with pride
30 Mar 20:15:17 - info: GET /favicon.ico
30 Mar 20:15:19 - info: client disconnected
30 Mar 20:15:23 - info: Serving a static file with pride
30 Mar 20:15:23 - info: GET /favicon.ico
30 Mar 20:15:23 - info: client connected
30 Mar 20:15:38 - info: client disconnected
30 Mar 20:15:56 - info: Serving a static file with pride
30 Mar 20:15:56 - info: GET /favicon.ico
30 Mar 20:16:01 - info: Serving a static file with pride
30 Mar 20:16:01 - info: GET /favicon.ico
30 Mar 20:16:02 - info: client connected
30 Mar 20:17:18 - info: Serving a static file with pride
30 Mar 20:17:18 - info: GET /lastfm.html
30 Mar 20:17:19 - info: Serving a static file with pride
30 Mar 20:17:19 - info: GET /img/TheAlbumtross.png
30 Mar 20:17:20 - info: Serving a static file with pride
30 Mar 20:17:20 - info: GET /favicon.ico
30 Mar 20:17:20 - info: client connected
30 Mar 20:17:21 - info: client disconnected
30 Mar 20:17:25 - info: garrettwilkin would like to contact Last.fm, how lovely.
30 Mar 20:17:26 - info: YAY! LastFm returns success for garrettwilkin
30 Mar 20:17:26 - info: lastFmHandler : HTML by The Hot Toddies
30 Mar 20:17:26 - info: lastFmHandler : The Great Pretender by The Platters
30 Mar 20:17:26 - info: lastFmHandler : My True Story by The Jive Five
30 Mar 20:17:26 - info: lastFmHandler : Sophronie by Jimmy Martin
30 Mar 20:17:26 - info: lastFmHandler : Border Ride by Jim and Jesse
30 Mar 20:17:26 - info: lastFmHandler : Americano by The Brian Setzer Orchestra
30 Mar 20:17:26 - info: lastFmHandler : Breeze Black Night by The Ditty Bops
30 Mar 20:17:26 - info: lastFmHandler : Le Onde by Ludovico Einaudi
30 Mar 20:17:26 - info: lastFmHandler : Am I Just One by Carey Ott
30 Mar 20:17:26 - info: lastFmHandler : All These Things That I've Done by The Killers
30 Mar 20:17:26 - info: lastFmHandler : The Box by Johnny Flynn
30 Mar 20:17:26 - info: lastFmHandler : Sabre Dance by Արամ Խաչատրյան
30 Mar 20:17:26 - info: lastFmHandler : C'mon Yeah by The Sunshine
30 Mar 20:17:26 - info: lastFmHandler : Backfire at the Disco by The Wombats
30 Mar 20:17:26 - info: lastFmHandler : Calloway Boogie by Big Bad Voodoo Daddy
30 Mar 20:17:26 - info: lastFmHandler : Amanda Jewell by Ricky Skaggs
30 Mar 20:17:26 - info: lastFmHandler : Float On by Iron Horse
30 Mar 20:17:26 - info: lastFmHandler : Maybe Someday by The Cinematics
30 Mar 20:17:26 - info: lastFmHandler : West Coast by Coconut Records
30 Mar 20:17:26 - info: lastFmHandler : Only In The Past by The Be Good Tanyas
30 Mar 20:17:26 - info: iArtistHandler:      iArtist: Jimmy Martin
30 Mar 20:17:26 - info: iArtistHandler:      iArtist: The Jive Five
30 Mar 20:17:26 - info: iTrackHandler :      iTrack: The Great Pretender by artist The Platters id : 1646486
30 Mar 20:17:26 - info: iTrackHandler : lastfmTrack: The Great Pretender by artist The Platters mbid : 
30 Mar 20:17:26 - info: iTrackHandler :      iTrack: My True Story by artist The Jive Five id : 128625189
30 Mar 20:17:26 - info: iTrackHandler : lastfmTrack: My True Story by artist The Jive Five mbid : 
30 Mar 20:17:26 - info: iTrackHandler :      iTrack: Sophronie by artist Jimmy Martin id : 6765959
30 Mar 20:17:26 - info: iTrackHandler : lastfmTrack: Sophronie by artist Jimmy Martin mbid : 
30 Mar 20:17:26 - info: iTrackHandler :      iTrack: Border Ride by artist Larry Keel & Natural Bridge id : 157686958
30 Mar 20:17:26 - info: iTrackHandler : lastfmTrack: Border Ride by artist Jim and Jesse mbid : 
30 Mar 20:17:26 - info: iTrackHandler :      iTrack: Le onde by artist Ludovico Einaudi id : 153362807
30 Mar 20:17:26 - info: iTrackHandler : lastfmTrack: Le Onde by artist Ludovico Einaudi mbid : 
30 Mar 20:17:26 - info: iArtistHandler:      iArtist: Ludovico Einaudi
30 Mar 20:17:26 - info: iTrackHandler :      iTrack: Breeze Black Night by artist The Ditty Bops id : 5499485
30 Mar 20:17:26 - info: iTrackHandler : lastfmTrack: Breeze Black Night by artist The Ditty Bops mbid : 
30 Mar 20:17:26 - info: iArtistHandler:      iArtist: The Ditty Bops
30 Mar 20:17:26 - info: iArtistHandler:      iArtist: Jim & Jesse
30 Mar 20:17:26 - info: iTrackHandler :      iTrack: HTML by artist The Hot Toddies id : 320900848
30 Mar 20:17:26 - info: iTrackHandler : lastfmTrack: HTML by artist The Hot Toddies mbid : 
30 Mar 20:17:26 - info: iArtistHandler:      iArtist: The Brian Setzer Orchestra
30 Mar 20:17:26 - info: iTrackHandler :      iTrack: We No Speak Americano by artist Yolanda Be Cool & Dcup id : 381418895
30 Mar 20:17:26 - info: iTrackHandler : lastfmTrack: Americano by artist The Brian Setzer Orchestra mbid : 
30 Mar 20:17:26 - info: iArtistHandler:      iArtist: Johnny Flynn
30 Mar 20:17:26 - info: iTrackHandler :      iTrack: The Box by artist Randy Travis id : 307031291
30 Mar 20:17:26 - info: iTrackHandler : lastfmTrack: The Box by artist Johnny Flynn mbid : 
30 Mar 20:17:26 - info: iTrackHandler :      iTrack: Am I Just One by artist Carey Ott id : 154808159
30 Mar 20:17:26 - info: iTrackHandler : lastfmTrack: Am I Just One by artist Carey Ott mbid : 
30 Mar 20:17:26 - info: iArtistHandler:      iArtist: KC & The Sunshine Band
30 Mar 20:17:26 - info: iArtistHandler:      iArtist: The Be Good Tanyas
30 Mar 20:17:26 - info: iArtistHandler:      iArtist: Big Bad Voodoo Daddy
30 Mar 20:17:26 - info: iTrackHandler :      iTrack: undefined by artist undefined id : undefined
30 Mar 20:17:26 - info: iTrackHandler : lastfmTrack: West Coast by artist Coconut Records mbid : 
30 Mar 20:17:26 - info: iTrackHandler :      iTrack: All These Things That I've Done by artist The Killers id : 14268735
30 Mar 20:17:26 - info: iTrackHandler : lastfmTrack: All These Things That I've Done by artist The Killers mbid : 
30 Mar 20:17:26 - info: iArtistHandler:      iArtist: The Wombats
30 Mar 20:17:26 - info: iArtistHandler:      iArtist: The Cinematics
30 Mar 20:17:26 - info: iTrackHandler :      iTrack: Only In the Past by artist The Be Good Tanyas id : 412804372
30 Mar 20:17:26 - info: iTrackHandler : lastfmTrack: Only In The Past by artist The Be Good Tanyas mbid : 
30 Mar 20:17:26 - info: iArtistHandler:      iArtist: The Hot Toddies
30 Mar 20:17:26 - info: iArtistHandler: Could not find track
30 Mar 20:17:26 - info: iArtistHandler:      iArtist: Carey Ott
30 Mar 20:17:26 - info: iArtistHandler:      iArtist: Ricky Skaggs
30 Mar 20:17:26 - info: iTrackHandler :      iTrack: Sabre Dance by artist Franz Richter & Radio Orchestra Berlin id : 363276556
30 Mar 20:17:26 - info: iTrackHandler : lastfmTrack: Sabre Dance by artist Արամ Խաչատրյան mbid : 
30 Mar 20:17:26 - info: iTrackHandler :      iTrack: C'Mon Yeah by artist The Sunshine id : 252980090
30 Mar 20:17:26 - info: iTrackHandler : lastfmTrack: C'mon Yeah by artist The Sunshine mbid : 
30 Mar 20:17:26 - info: iTrackHandler :      iTrack: Maybe Someday by artist Black Stone Cherry id : 214472710
30 Mar 20:17:26 - info: iTrackHandler : lastfmTrack: Maybe Someday by artist The Cinematics mbid : 
30 Mar 20:17:26 - info: iTrackHandler :      iTrack: Amanda Jewell by artist Ricky Skaggs & Kentucky Thunder id : 259757918
30 Mar 20:17:26 - info: iTrackHandler : lastfmTrack: Amanda Jewell by artist Ricky Skaggs mbid : 
30 Mar 20:17:26 - info: iArtistHandler:      iArtist: Coconut Records
30 Mar 20:17:26 - info: iTrackHandler :      iTrack: Calloway Boogie by artist Big Bad Voodoo Daddy id : 307629327
30 Mar 20:17:26 - info: iTrackHandler : lastfmTrack: Calloway Boogie by artist Big Bad Voodoo Daddy mbid : 
30 Mar 20:17:26 - info: iArtistHandler:      iArtist: The Killers
30 Mar 20:17:27 - info: iArtistHandler:      iArtist: The Platters
30 Mar 20:17:27 - info: iTrackHandler :      iTrack: Backfire At the Disco by artist The Wombats id : 278867773
30 Mar 20:17:27 - info: iTrackHandler : lastfmTrack: Backfire at the Disco by artist The Wombats mbid : 
30 Mar 20:17:27 - info: iArtistHandler:      iArtist: Iron Horse
30 Mar 20:17:27 - info: iTrackHandler :      iTrack: undefined by artist undefined id : undefined
30 Mar 20:17:27 - info: iTrackHandler : lastfmTrack: Float On by artist Iron Horse mbid : 
30 Mar 20:25:32 - info: Serving a static file with pride
30 Mar 20:25:32 - info: GET /lastfm.html
30 Mar 20:25:32 - info: Serving a static file with pride
30 Mar 20:25:32 - info: GET /img/TheAlbumtross.png
30 Mar 20:25:33 - info: Serving a static file with pride
30 Mar 20:25:33 - info: GET /favicon.ico
30 Mar 20:25:33 - info: client connected
30 Mar 20:25:34 - info: client disconnected
30 Mar 20:25:39 - info: garrettwilkin would like to contact Last.fm, how lovely.
30 Mar 20:25:39 - info: YAY! LastFm returns success for garrettwilkin
30 Mar 20:25:39 - info: lastFmHandler : HTML by The Hot Toddies
30 Mar 20:25:39 - info: lastFmHandler : The Great Pretender by The Platters
30 Mar 20:25:39 - info: lastFmHandler : My True Story by The Jive Five
30 Mar 20:25:39 - info: lastFmHandler : Sophronie by Jimmy Martin
30 Mar 20:25:39 - info: lastFmHandler : Border Ride by Jim and Jesse
30 Mar 20:25:39 - info: lastFmHandler : Americano by The Brian Setzer Orchestra
30 Mar 20:25:39 - info: lastFmHandler : Breeze Black Night by The Ditty Bops
30 Mar 20:25:39 - info: lastFmHandler : Le Onde by Ludovico Einaudi
30 Mar 20:25:39 - info: lastFmHandler : Am I Just One by Carey Ott
30 Mar 20:25:39 - info: lastFmHandler : All These Things That I've Done by The Killers
30 Mar 20:25:39 - info: lastFmHandler : The Box by Johnny Flynn
30 Mar 20:25:39 - info: lastFmHandler : Sabre Dance by Արամ Խաչատրյան
30 Mar 20:25:39 - info: lastFmHandler : C'mon Yeah by The Sunshine
30 Mar 20:25:39 - info: lastFmHandler : Backfire at the Disco by The Wombats
30 Mar 20:25:39 - info: lastFmHandler : Calloway Boogie by Big Bad Voodoo Daddy
30 Mar 20:25:39 - info: lastFmHandler : Amanda Jewell by Ricky Skaggs
30 Mar 20:25:39 - info: lastFmHandler : Float On by Iron Horse
30 Mar 20:25:39 - info: lastFmHandler : Maybe Someday by The Cinematics
30 Mar 20:25:39 - info: lastFmHandler : West Coast by Coconut Records
30 Mar 20:25:39 - info: lastFmHandler : Only In The Past by The Be Good Tanyas
30 Mar 20:25:39 - info: iArtistHandler:      iArtist: The Hot Toddies
30 Mar 20:25:39 - info: iTrackHandler :      iTrack: The Great Pretender by artist The Platters id : 1646486
30 Mar 20:25:39 - info: iTrackHandler : lastfmTrack: The Great Pretender by artist The Platters mbid : 
30 Mar 20:25:39 - info: iTrackHandler :      iTrack: Sophronie by artist Jimmy Martin id : 6765959
30 Mar 20:25:39 - info: iTrackHandler : lastfmTrack: Sophronie by artist Jimmy Martin mbid : 
30 Mar 20:25:39 - info: iTrackHandler :      iTrack: Border Ride by artist Larry Keel & Natural Bridge id : 157686958
30 Mar 20:25:39 - info: iTrackHandler : lastfmTrack: Border Ride by artist Jim and Jesse mbid : 
30 Mar 20:25:39 - info: iArtistHandler:      iArtist: The Platters
30 Mar 20:25:39 - info: iTrackHandler :      iTrack: HTML by artist The Hot Toddies id : 320900848
30 Mar 20:25:39 - info: iTrackHandler : lastfmTrack: HTML by artist The Hot Toddies mbid : 
30 Mar 20:25:39 - info: iArtistHandler:      iArtist: The Jive Five
30 Mar 20:25:39 - info: iTrackHandler :      iTrack: We No Speak Americano by artist Yolanda Be Cool & Dcup id : 381418895
30 Mar 20:25:39 - info: iTrackHandler : lastfmTrack: Americano by artist The Brian Setzer Orchestra mbid : 
30 Mar 20:25:39 - info: iArtistHandler:      iArtist: Ludovico Einaudi
30 Mar 20:25:39 - info: iTrackHandler :      iTrack: My True Story by artist The Jive Five id : 128625189
30 Mar 20:25:39 - info: iTrackHandler : lastfmTrack: My True Story by artist The Jive Five mbid : 
30 Mar 20:25:39 - info: iArtistHandler:      iArtist: The Ditty Bops
30 Mar 20:25:39 - info: iArtistHandler:      iArtist: Carey Ott
30 Mar 20:25:40 - info: iArtistHandler:      iArtist: Jimmy Martin
30 Mar 20:25:40 - info: iArtistHandler:      iArtist: KC & The Sunshine Band
30 Mar 20:25:40 - info: iTrackHandler :      iTrack: undefined by artist undefined id : undefined
30 Mar 20:25:40 - info: iTrackHandler : lastfmTrack: Float On by artist Iron Horse mbid : 
30 Mar 20:25:40 - info: iArtistHandler:      iArtist: Big Bad Voodoo Daddy
30 Mar 20:25:40 - info: iArtistHandler:      iArtist: The Cinematics
30 Mar 20:25:40 - info: iTrackHandler :      iTrack: Le onde by artist Ludovico Einaudi id : 153362807
30 Mar 20:25:40 - info: iTrackHandler : lastfmTrack: Le Onde by artist Ludovico Einaudi mbid : 
30 Mar 20:25:40 - info: iTrackHandler :      iTrack: Calloway Boogie by artist Big Bad Voodoo Daddy id : 307629327
30 Mar 20:25:40 - info: iTrackHandler : lastfmTrack: Calloway Boogie by artist Big Bad Voodoo Daddy mbid : 
30 Mar 20:25:40 - info: iTrackHandler :      iTrack: undefined by artist undefined id : undefined
30 Mar 20:25:40 - info: iTrackHandler : lastfmTrack: All These Things That I've Done by artist The Killers mbid : 
30 Mar 20:25:40 - info: iArtistHandler:      iArtist: Coconut Records
30 Mar 20:25:40 - info: iTrackHandler :      iTrack: Maybe Someday by artist Black Stone Cherry id : 214472710
30 Mar 20:25:40 - info: iTrackHandler : lastfmTrack: Maybe Someday by artist The Cinematics mbid : 
30 Mar 20:25:40 - info: iArtistHandler:      iArtist: Jim & Jesse
30 Mar 20:25:40 - info: iTrackHandler :      iTrack: Breeze Black Night by artist The Ditty Bops id : 5499485
30 Mar 20:25:40 - info: iTrackHandler : lastfmTrack: Breeze Black Night by artist The Ditty Bops mbid : 
30 Mar 20:25:40 - info: iArtistHandler:      iArtist: The Wombats
30 Mar 20:25:40 - info: iArtistHandler:      iArtist: Johnny Flynn
30 Mar 20:25:40 - info: iArtistHandler:      iArtist: The Be Good Tanyas
30 Mar 20:25:40 - info: iArtistHandler:      iArtist: Iron Horse
30 Mar 20:25:40 - info: iTrackHandler :      iTrack: Backfire At the Disco by artist The Wombats id : 278867773
30 Mar 20:25:40 - info: iTrackHandler : lastfmTrack: Backfire at the Disco by artist The Wombats mbid : 
30 Mar 20:25:40 - info: iTrackHandler :      iTrack: Amanda Jewell by artist Ricky Skaggs & Kentucky Thunder id : 259757918
30 Mar 20:25:40 - info: iTrackHandler : lastfmTrack: Amanda Jewell by artist Ricky Skaggs mbid : 
30 Mar 20:25:40 - info: iTrackHandler :      iTrack: Sabre Dance by artist Franz Richter & Radio Orchestra Berlin id : 363276556
30 Mar 20:25:40 - info: iTrackHandler : lastfmTrack: Sabre Dance by artist Արամ Խաչատրյան mbid : 
30 Mar 20:25:40 - info: iTrackHandler :      iTrack: undefined by artist undefined id : undefined
30 Mar 20:25:40 - info: iTrackHandler : lastfmTrack: The Box by artist Johnny Flynn mbid : 
30 Mar 20:25:40 - info: iTrackHandler :      iTrack: C'Mon Yeah by artist The Sunshine id : 252980090
30 Mar 20:25:40 - info: iTrackHandler : lastfmTrack: C'mon Yeah by artist The Sunshine mbid : 
30 Mar 20:25:40 - info: iArtistHandler:      iArtist: Ricky Skaggs
30 Mar 20:25:40 - info: iTrackHandler :      iTrack: Am I Just One by artist Carey Ott id : 154808159
30 Mar 20:25:40 - info: iTrackHandler : lastfmTrack: Am I Just One by artist Carey Ott mbid : 
30 Mar 20:25:40 - info: iArtistHandler:      iArtist: The Killers
30 Mar 20:25:40 - info: iArtistHandler:      iArtist: The Brian Setzer Orchestra
30 Mar 20:25:42 - info: iArtistHandler: Could not find track
30 Mar 20:25:43 - info: iTrackHandler :      iTrack: undefined by artist undefined id : undefined
30 Mar 20:25:43 - info: iTrackHandler : lastfmTrack: West Coast by artist Coconut Records mbid : 
30 Mar 20:25:44 - info: iTrackHandler :      iTrack: Only In the Past by artist The Be Good Tanyas id : 412804372
30 Mar 20:25:44 - info: iTrackHandler : lastfmTrack: Only In The Past by artist The Be Good Tanyas mbid : 
30 Mar 20:26:25 - info: Serving a static file with pride
30 Mar 20:26:25 - info: GET /lastfm.html
30 Mar 20:26:26 - info: Serving a static file with pride
30 Mar 20:26:26 - info: GET /img/TheAlbumtross.png
30 Mar 20:26:27 - info: Serving a static file with pride
30 Mar 20:26:27 - info: GET /favicon.ico
30 Mar 20:26:27 - info: client connected
30 Mar 20:26:27 - info: client disconnected
30 Mar 20:26:29 - info: garrettwilkin would like to contact Last.fm, how lovely.
30 Mar 20:26:30 - info: YAY! LastFm returns success for garrettwilkin
30 Mar 20:26:30 - info: lastFmHandler : HTML by The Hot Toddies
30 Mar 20:26:30 - info: lastFmHandler : The Great Pretender by The Platters
30 Mar 20:26:30 - info: lastFmHandler : My True Story by The Jive Five
30 Mar 20:26:30 - info: lastFmHandler : Sophronie by Jimmy Martin
30 Mar 20:26:30 - info: lastFmHandler : Border Ride by Jim and Jesse
30 Mar 20:26:30 - info: lastFmHandler : Americano by The Brian Setzer Orchestra
30 Mar 20:26:30 - info: lastFmHandler : Breeze Black Night by The Ditty Bops
30 Mar 20:26:30 - info: lastFmHandler : Le Onde by Ludovico Einaudi
30 Mar 20:26:30 - info: lastFmHandler : Am I Just One by Carey Ott
30 Mar 20:26:30 - info: lastFmHandler : All These Things That I've Done by The Killers
30 Mar 20:26:30 - info: lastFmHandler : The Box by Johnny Flynn
30 Mar 20:26:30 - info: lastFmHandler : Sabre Dance by Արամ Խաչատրյան
30 Mar 20:26:30 - info: lastFmHandler : C'mon Yeah by The Sunshine
30 Mar 20:26:30 - info: lastFmHandler : Backfire at the Disco by The Wombats
30 Mar 20:26:30 - info: lastFmHandler : Calloway Boogie by Big Bad Voodoo Daddy
30 Mar 20:26:30 - info: lastFmHandler : Amanda Jewell by Ricky Skaggs
30 Mar 20:26:30 - info: lastFmHandler : Float On by Iron Horse
30 Mar 20:26:30 - info: lastFmHandler : Maybe Someday by The Cinematics
30 Mar 20:26:30 - info: lastFmHandler : West Coast by Coconut Records
30 Mar 20:26:30 - info: lastFmHandler : Only In The Past by The Be Good Tanyas
30 Mar 20:26:30 - info: iTrackHandler :      iTrack: Sophronie by artist Jimmy Martin id : 6765959
30 Mar 20:26:30 - info: iTrackHandler : lastfmTrack: Sophronie by artist Jimmy Martin mbid : 
30 Mar 20:26:30 - info: iTrackHandler :      iTrack: Border Ride by artist Larry Keel & Natural Bridge id : 157686958
30 Mar 20:26:30 - info: iTrackHandler : lastfmTrack: Border Ride by artist Jim and Jesse mbid : 
30 Mar 20:26:30 - info: iArtistHandler:      iArtist: Jim & Jesse
30 Mar 20:26:30 - info: iTrackHandler :      iTrack: My True Story by artist The Jive Five id : 128625189
30 Mar 20:26:30 - info: iTrackHandler : lastfmTrack: My True Story by artist The Jive Five mbid : 
30 Mar 20:26:30 - info: iArtistHandler:      iArtist: The Brian Setzer Orchestra
30 Mar 20:26:30 - info: iTrackHandler :      iTrack: Breeze Black Night by artist The Ditty Bops id : 5499485
30 Mar 20:26:30 - info: iTrackHandler : lastfmTrack: Breeze Black Night by artist The Ditty Bops mbid : 
30 Mar 20:26:30 - info: iArtistHandler:      iArtist: The Ditty Bops
30 Mar 20:26:30 - info: iArtistHandler:      iArtist: The Platters
30 Mar 20:26:30 - info: iArtistHandler:      iArtist: Carey Ott
30 Mar 20:26:30 - info: iArtistHandler:      iArtist: The Jive Five
30 Mar 20:26:30 - info: iTrackHandler :      iTrack: Calloway Boogie by artist Big Bad Voodoo Daddy id : 307629327
30 Mar 20:26:30 - info: iTrackHandler : lastfmTrack: Calloway Boogie by artist Big Bad Voodoo Daddy mbid : 
30 Mar 20:26:30 - info: iArtistHandler:      iArtist: Iron Horse
30 Mar 20:26:30 - info: iArtistHandler:      iArtist: The Hot Toddies
30 Mar 20:26:30 - info: iTrackHandler :      iTrack: Am I Just One by artist Carey Ott id : 154808159
30 Mar 20:26:30 - info: iTrackHandler : lastfmTrack: Am I Just One by artist Carey Ott mbid : 
30 Mar 20:26:30 - info: iTrackHandler :      iTrack: undefined by artist undefined id : undefined
30 Mar 20:26:30 - info: iTrackHandler : lastfmTrack: All These Things That I've Done by artist The Killers mbid : 
30 Mar 20:26:30 - info: iTrackHandler :      iTrack: undefined by artist undefined id : undefined
30 Mar 20:26:30 - info: iTrackHandler : lastfmTrack: West Coast by artist Coconut Records mbid : 
30 Mar 20:26:30 - info: iArtistHandler:      iArtist: The Be Good Tanyas
30 Mar 20:26:30 - info: iTrackHandler :      iTrack: undefined by artist undefined id : undefined
30 Mar 20:26:30 - info: iTrackHandler : lastfmTrack: Float On by artist Iron Horse mbid : 
30 Mar 20:26:30 - info: iTrackHandler :      iTrack: Only In the Past by artist The Be Good Tanyas id : 412804372
30 Mar 20:26:30 - info: iTrackHandler : lastfmTrack: Only In The Past by artist The Be Good Tanyas mbid : 
30 Mar 20:26:30 - info: iArtistHandler:      iArtist: Jimmy Martin
30 Mar 20:26:30 - info: iTrackHandler :      iTrack: The Great Pretender by artist The Platters id : 1646486
30 Mar 20:26:30 - info: iTrackHandler : lastfmTrack: The Great Pretender by artist The Platters mbid : 
30 Mar 20:26:30 - info: iTrackHandler :      iTrack: undefined by artist undefined id : undefined
30 Mar 20:26:30 - info: iTrackHandler : lastfmTrack: Americano by artist The Brian Setzer Orchestra mbid : 
30 Mar 20:26:30 - info: iArtistHandler:      iArtist: Ludovico Einaudi
30 Mar 20:26:30 - info: iTrackHandler :      iTrack: Maybe Someday by artist Black Stone Cherry id : 214472710
30 Mar 20:26:30 - info: iTrackHandler : lastfmTrack: Maybe Someday by artist The Cinematics mbid : 
30 Mar 20:26:30 - info: iArtistHandler:      iArtist: The Killers
30 Mar 20:26:31 - info: iArtistHandler: Could not find track
30 Mar 20:26:31 - info: iTrackHandler :      iTrack: undefined by artist undefined id : undefined
30 Mar 20:26:31 - info: iTrackHandler : lastfmTrack: The Box by artist Johnny Flynn mbid : 
30 Mar 20:26:31 - info: iTrackHandler :      iTrack: C'Mon Yeah by artist The Sunshine id : 252980090
30 Mar 20:26:31 - info: iTrackHandler : lastfmTrack: C'mon Yeah by artist The Sunshine mbid : 
30 Mar 20:26:31 - info: iArtistHandler:      iArtist: Coconut Records
30 Mar 20:26:31 - info: iArtistHandler:      iArtist: The Cinematics
30 Mar 20:26:31 - info: iArtistHandler:      iArtist: Johnny Flynn
30 Mar 20:26:31 - info: iTrackHandler :      iTrack: Le onde by artist Ludovico Einaudi id : 153362807
30 Mar 20:26:31 - info: iTrackHandler : lastfmTrack: Le Onde by artist Ludovico Einaudi mbid : 
30 Mar 20:26:31 - info: iArtistHandler:      iArtist: Big Bad Voodoo Daddy
30 Mar 20:26:31 - info: iTrackHandler :      iTrack: Amanda Jewell by artist Ricky Skaggs & Kentucky Thunder id : 259757918
30 Mar 20:26:31 - info: iTrackHandler : lastfmTrack: Amanda Jewell by artist Ricky Skaggs mbid : 
30 Mar 20:26:31 - info: iArtistHandler:      iArtist: The Wombats
30 Mar 20:26:31 - info: iArtistHandler:      iArtist: Ricky Skaggs
30 Mar 20:26:31 - info: iTrackHandler :      iTrack: Sabre Dance by artist Franz Richter & Radio Orchestra Berlin id : 363276556
30 Mar 20:26:31 - info: iTrackHandler : lastfmTrack: Sabre Dance by artist Արամ Խաչատրյան mbid : 
30 Mar 20:26:31 - info: iTrackHandler :      iTrack: undefined by artist undefined id : undefined
30 Mar 20:26:31 - info: iTrackHandler : lastfmTrack: Backfire at the Disco by artist The Wombats mbid : 
30 Mar 20:26:31 - info: iArtistHandler:      iArtist: KC & The Sunshine Band
30 Mar 20:26:32 - info: iTrackHandler :      iTrack: undefined by artist undefined id : undefined
30 Mar 20:26:32 - info: iTrackHandler : lastfmTrack: HTML by artist The Hot Toddies mbid : 
30 Mar 20:26:46 - info: Serving a static file with pride
30 Mar 20:26:46 - info: GET /lastfm.html
30 Mar 20:26:47 - info: Serving a static file with pride
30 Mar 20:26:47 - info: GET /img/TheAlbumtross.png
30 Mar 20:26:48 - info: Serving a static file with pride
30 Mar 20:26:48 - info: GET /favicon.ico
30 Mar 20:26:49 - info: client connected
30 Mar 20:26:49 - info: client disconnected
30 Mar 20:26:53 - info: garrettwilkin would like to contact Last.fm, how lovely.
30 Mar 20:26:54 - info: YAY! LastFm returns success for garrettwilkin
30 Mar 20:26:54 - info: lastFmHandler : HTML by The Hot Toddies
30 Mar 20:26:54 - info: lastFmHandler : The Great Pretender by The Platters
30 Mar 20:26:54 - info: lastFmHandler : My True Story by The Jive Five
30 Mar 20:26:54 - info: lastFmHandler : Sophronie by Jimmy Martin
30 Mar 20:26:54 - info: lastFmHandler : Border Ride by Jim and Jesse
30 Mar 20:26:54 - info: lastFmHandler : Americano by The Brian Setzer Orchestra
30 Mar 20:26:54 - info: lastFmHandler : Breeze Black Night by The Ditty Bops
30 Mar 20:26:54 - info: lastFmHandler : Le Onde by Ludovico Einaudi
30 Mar 20:26:54 - info: lastFmHandler : Am I Just One by Carey Ott
30 Mar 20:26:54 - info: lastFmHandler : All These Things That I've Done by The Killers
30 Mar 20:26:54 - info: lastFmHandler : The Box by Johnny Flynn
30 Mar 20:26:54 - info: lastFmHandler : Sabre Dance by Արամ Խաչատրյան
30 Mar 20:26:54 - info: lastFmHandler : C'mon Yeah by The Sunshine
30 Mar 20:26:54 - info: lastFmHandler : Backfire at the Disco by The Wombats
30 Mar 20:26:54 - info: lastFmHandler : Calloway Boogie by Big Bad Voodoo Daddy
30 Mar 20:26:54 - info: lastFmHandler : Amanda Jewell by Ricky Skaggs
30 Mar 20:26:54 - info: lastFmHandler : Float On by Iron Horse
30 Mar 20:26:54 - info: lastFmHandler : Maybe Someday by The Cinematics
30 Mar 20:26:54 - info: lastFmHandler : West Coast by Coconut Records
30 Mar 20:26:54 - info: lastFmHandler : Only In The Past by The Be Good Tanyas
30 Mar 20:26:54 - info: iArtistHandler:      iArtist: The Hot Toddies
30 Mar 20:26:54 - info: iTrackHandler :      iTrack: undefined by artist undefined id : undefined
30 Mar 20:26:54 - info: iTrackHandler : lastfmTrack: HTML by artist The Hot Toddies mbid : 
30 Mar 20:26:54 - info: iTrackHandler :      iTrack: The Great Pretender by artist The Platters id : 1646486
30 Mar 20:26:54 - info: iTrackHandler : lastfmTrack: The Great Pretender by artist The Platters mbid : 
30 Mar 20:26:54 - info: iArtistHandler:      iArtist: Jimmy Martin
30 Mar 20:26:54 - info: iTrackHandler :      iTrack: undefined by artist undefined id : undefined
30 Mar 20:26:54 - info: iTrackHandler : lastfmTrack: Americano by artist The Brian Setzer Orchestra mbid : 
30 Mar 20:26:54 - info: iArtistHandler:      iArtist: Ludovico Einaudi
30 Mar 20:26:54 - info: iTrackHandler :      iTrack: undefined by artist undefined id : undefined
30 Mar 20:26:54 - info: iTrackHandler : lastfmTrack: Backfire at the Disco by artist The Wombats mbid : 
30 Mar 20:26:54 - info: iArtistHandler:      iArtist: The Jive Five
30 Mar 20:26:54 - info: iTrackHandler :      iTrack: My True Story by artist The Jive Five id : 128625189
30 Mar 20:26:54 - info: iTrackHandler : lastfmTrack: My True Story by artist The Jive Five mbid : 
30 Mar 20:26:54 - info: iTrackHandler :      iTrack: Sophronie by artist Jimmy Martin id : 6765959
30 Mar 20:26:54 - info: iTrackHandler : lastfmTrack: Sophronie by artist Jimmy Martin mbid : 
30 Mar 20:26:54 - info: iArtistHandler:      iArtist: Jim & Jesse
30 Mar 20:26:54 - info: iArtistHandler:      iArtist: The Platters
30 Mar 20:26:54 - info: iArtistHandler:      iArtist: The Ditty Bops
30 Mar 20:26:54 - info: iArtistHandler:      iArtist: Big Bad Voodoo Daddy
30 Mar 20:26:54 - info: iTrackHandler :      iTrack: Breeze Black Night by artist The Ditty Bops id : 5499485
30 Mar 20:26:54 - info: iTrackHandler : lastfmTrack: Breeze Black Night by artist The Ditty Bops mbid : 
30 Mar 20:26:54 - info: iArtistHandler:      iArtist: The Brian Setzer Orchestra
30 Mar 20:26:54 - info: iArtistHandler:      iArtist: Ricky Skaggs
30 Mar 20:26:54 - info: iTrackHandler :      iTrack: Border Ride by artist Larry Keel & Natural Bridge id : 157686958
30 Mar 20:26:54 - info: iTrackHandler : lastfmTrack: Border Ride by artist Jim and Jesse mbid : 
30 Mar 20:26:54 - info: iTrackHandler :      iTrack: Le onde by artist Ludovico Einaudi id : 153362807
30 Mar 20:26:54 - info: iTrackHandler : lastfmTrack: Le Onde by artist Ludovico Einaudi mbid : 
30 Mar 20:26:54 - info: iArtistHandler:      iArtist: The Wombats
30 Mar 20:26:54 - info: iArtistHandler:      iArtist: Coconut Records
30 Mar 20:26:54 - info: iTrackHandler :      iTrack: Only In the Past by artist The Be Good Tanyas id : 412804372
30 Mar 20:26:54 - info: iTrackHandler : lastfmTrack: Only In The Past by artist The Be Good Tanyas mbid : 
30 Mar 20:26:54 - info: iArtistHandler:      iArtist: KC & The Sunshine Band
30 Mar 20:26:55 - info: iArtistHandler:      iArtist: The Killers
30 Mar 20:26:55 - info: iTrackHandler :      iTrack: Maybe Someday by artist Black Stone Cherry id : 214472710
30 Mar 20:26:55 - info: iTrackHandler : lastfmTrack: Maybe Someday by artist The Cinematics mbid : 
30 Mar 20:26:55 - info: iArtistHandler:      iArtist: Iron Horse
30 Mar 20:26:55 - info: iArtistHandler:      iArtist: Johnny Flynn
30 Mar 20:26:55 - info: iTrackHandler :      iTrack: Am I Just One by artist Carey Ott id : 154808159
30 Mar 20:26:55 - info: iTrackHandler : lastfmTrack: Am I Just One by artist Carey Ott mbid : 
30 Mar 20:26:55 - info: iArtistHandler: Could not find track
30 Mar 20:26:55 - info: iArtistHandler:      iArtist: Carey Ott
30 Mar 20:26:55 - info: iTrackHandler :      iTrack: Calloway Boogie by artist Big Bad Voodoo Daddy id : 307629327
30 Mar 20:26:55 - info: iTrackHandler : lastfmTrack: Calloway Boogie by artist Big Bad Voodoo Daddy mbid : 
30 Mar 20:26:55 - info: iArtistHandler:      iArtist: The Cinematics
30 Mar 20:26:55 - info: iTrackHandler :      iTrack: undefined by artist undefined id : undefined
30 Mar 20:26:55 - info: iTrackHandler : lastfmTrack: The Box by artist Johnny Flynn mbid : 
30 Mar 20:26:55 - info: iTrackHandler :      iTrack: Float On by artist Modest Mouse id : 201257515
30 Mar 20:26:55 - info: iTrackHandler : lastfmTrack: Float On by artist Iron Horse mbid : 
30 Mar 20:26:55 - info: iTrackHandler :      iTrack: Sabre Dance by artist Franz Richter & Radio Orchestra Berlin id : 363276556
30 Mar 20:26:55 - info: iTrackHandler : lastfmTrack: Sabre Dance by artist Արամ Խաչատրյան mbid : 
30 Mar 20:26:55 - info: iTrackHandler :      iTrack: C'Mon Yeah by artist The Sunshine id : 252980090
30 Mar 20:26:55 - info: iTrackHandler : lastfmTrack: C'mon Yeah by artist The Sunshine mbid : 
30 Mar 20:26:55 - info: iTrackHandler :      iTrack: undefined by artist undefined id : undefined
30 Mar 20:26:55 - info: iTrackHandler : lastfmTrack: All These Things That I've Done by artist The Killers mbid : 
30 Mar 20:26:55 - info: iTrackHandler :      iTrack: Amanda Jewell by artist Ricky Skaggs & Kentucky Thunder id : 259757918
30 Mar 20:26:55 - info: iTrackHandler : lastfmTrack: Amanda Jewell by artist Ricky Skaggs mbid : 
30 Mar 20:26:55 - info: iTrackHandler :      iTrack: West Coast by artist Coconut Records id : 219389666
30 Mar 20:26:55 - info: iTrackHandler : lastfmTrack: West Coast by artist Coconut Records mbid : 
30 Mar 20:26:55 - info: iArtistHandler:      iArtist: The Be Good Tanyas
30 Mar 20:27:37 - info: Serving a static file with pride
30 Mar 20:27:37 - info: GET /lastfm.html
30 Mar 20:27:38 - info: Serving a static file with pride
30 Mar 20:27:38 - info: GET /img/TheAlbumtross.png
30 Mar 20:27:39 - info: Serving a static file with pride
30 Mar 20:27:39 - info: GET /favicon.ico
30 Mar 20:27:39 - info: client connected
30 Mar 20:27:39 - info: client disconnected
30 Mar 20:27:40 - info: garrettwilkin would like to contact Last.fm, how lovely.
30 Mar 20:27:40 - info: YAY! LastFm returns success for garrettwilkin
30 Mar 20:27:40 - info: lastFmHandler : HTML by The Hot Toddies
30 Mar 20:27:40 - info: lastFmHandler : The Great Pretender by The Platters
30 Mar 20:27:40 - info: lastFmHandler : My True Story by The Jive Five
30 Mar 20:27:40 - info: lastFmHandler : Sophronie by Jimmy Martin
30 Mar 20:27:40 - info: lastFmHandler : Border Ride by Jim and Jesse
30 Mar 20:27:40 - info: lastFmHandler : Americano by The Brian Setzer Orchestra
30 Mar 20:27:40 - info: lastFmHandler : Breeze Black Night by The Ditty Bops
30 Mar 20:27:40 - info: lastFmHandler : Le Onde by Ludovico Einaudi
30 Mar 20:27:40 - info: lastFmHandler : Am I Just One by Carey Ott
30 Mar 20:27:40 - info: lastFmHandler : All These Things That I've Done by The Killers
30 Mar 20:27:40 - info: lastFmHandler : The Box by Johnny Flynn
30 Mar 20:27:40 - info: lastFmHandler : Sabre Dance by Արամ Խաչատրյան
30 Mar 20:27:40 - info: lastFmHandler : C'mon Yeah by The Sunshine
30 Mar 20:27:40 - info: lastFmHandler : Backfire at the Disco by The Wombats
30 Mar 20:27:40 - info: lastFmHandler : Calloway Boogie by Big Bad Voodoo Daddy
30 Mar 20:27:40 - info: lastFmHandler : Amanda Jewell by Ricky Skaggs
30 Mar 20:27:40 - info: lastFmHandler : Float On by Iron Horse
30 Mar 20:27:40 - info: lastFmHandler : Maybe Someday by The Cinematics
30 Mar 20:27:40 - info: lastFmHandler : West Coast by Coconut Records
30 Mar 20:27:40 - info: lastFmHandler : Only In The Past by The Be Good Tanyas
30 Mar 20:27:40 - info: iArtistHandler:      iArtist: The Jive Five
30 Mar 20:27:40 - info: iArtistHandler:      iArtist: The Platters
30 Mar 20:27:40 - info: iTrackHandler :      iTrack: Sophronie by artist Jimmy Martin id : 6765959
30 Mar 20:27:40 - info: iTrackHandler : lastfmTrack: Sophronie by artist Jimmy Martin mbid : 
30 Mar 20:27:40 - info: iArtistHandler:      iArtist: The Brian Setzer Orchestra
30 Mar 20:27:40 - info: iArtistHandler:      iArtist: The Ditty Bops
30 Mar 20:27:40 - info: iTrackHandler :      iTrack: Am I Just One by artist Carey Ott id : 154808159
30 Mar 20:27:40 - info: iTrackHandler : lastfmTrack: Am I Just One by artist Carey Ott mbid : 
30 Mar 20:27:40 - info: iTrackHandler :      iTrack: Border Ride by artist Larry Keel & Natural Bridge id : 157686958
30 Mar 20:27:40 - info: iTrackHandler : lastfmTrack: Border Ride by artist Jim and Jesse mbid : 
30 Mar 20:27:40 - info: iArtistHandler:      iArtist: Johnny Flynn
30 Mar 20:27:40 - info: iTrackHandler :      iTrack: My True Story by artist The Jive Five id : 128625189
30 Mar 20:27:40 - info: iTrackHandler : lastfmTrack: My True Story by artist The Jive Five mbid : 
30 Mar 20:27:40 - info: iTrackHandler :      iTrack: Sabre Dance by artist Franz Richter & Radio Orchestra Berlin id : 363276556
30 Mar 20:27:40 - info: iTrackHandler : lastfmTrack: Sabre Dance by artist Արամ Խաչատրյան mbid : 
30 Mar 20:27:40 - info: iTrackHandler :      iTrack: Le onde by artist Ludovico Einaudi id : 153362807
30 Mar 20:27:40 - info: iTrackHandler : lastfmTrack: Le Onde by artist Ludovico Einaudi mbid : 
30 Mar 20:27:40 - info: iArtistHandler: Could not find track
30 Mar 20:27:40 - info: iTrackHandler :      iTrack: C'Mon Yeah by artist The Sunshine id : 252980090
30 Mar 20:27:40 - info: iTrackHandler : lastfmTrack: C'mon Yeah by artist The Sunshine mbid : 
30 Mar 20:27:40 - info: iTrackHandler :      iTrack: Calloway Boogie by artist Big Bad Voodoo Daddy id : 307629327
30 Mar 20:27:40 - info: iTrackHandler : lastfmTrack: Calloway Boogie by artist Big Bad Voodoo Daddy mbid : 
30 Mar 20:27:40 - info: iTrackHandler :      iTrack: undefined by artist undefined id : undefined
30 Mar 20:27:40 - info: iTrackHandler : lastfmTrack: All These Things That I've Done by artist The Killers mbid : 
30 Mar 20:27:40 - info: iTrackHandler :      iTrack: undefined by artist undefined id : undefined
30 Mar 20:27:40 - info: iTrackHandler : lastfmTrack: HTML by artist The Hot Toddies mbid : 
30 Mar 20:27:40 - info: iArtistHandler:      iArtist: Big Bad Voodoo Daddy
30 Mar 20:27:40 - info: iTrackHandler :      iTrack: undefined by artist undefined id : undefined
30 Mar 20:27:40 - info: iTrackHandler : lastfmTrack: Americano by artist The Brian Setzer Orchestra mbid : 
30 Mar 20:27:41 - info: iTrackHandler :      iTrack: Only In the Past by artist The Be Good Tanyas id : 412804372
30 Mar 20:27:41 - info: iTrackHandler : lastfmTrack: Only In The Past by artist The Be Good Tanyas mbid : 
30 Mar 20:27:41 - info: iTrackHandler :      iTrack: The Great Pretender by artist The Platters id : 1646486
30 Mar 20:27:41 - info: iTrackHandler : lastfmTrack: The Great Pretender by artist The Platters mbid : 
30 Mar 20:27:41 - info: iArtistHandler:      iArtist: Jimmy Martin
30 Mar 20:27:41 - info: iTrackHandler :      iTrack: Breeze Black Night by artist The Ditty Bops id : 5499485
30 Mar 20:27:41 - info: iTrackHandler : lastfmTrack: Breeze Black Night by artist The Ditty Bops mbid : 
30 Mar 20:27:41 - info: iArtistHandler:      iArtist: The Hot Toddies
30 Mar 20:27:41 - info: iArtistHandler:      iArtist: Ludovico Einaudi
30 Mar 20:27:41 - info: iArtistHandler:      iArtist: KC & The Sunshine Band
30 Mar 20:27:41 - info: iTrackHandler :      iTrack: undefined by artist undefined id : undefined
30 Mar 20:27:41 - info: iTrackHandler : lastfmTrack: Backfire at the Disco by artist The Wombats mbid : 
30 Mar 20:27:41 - info: iArtistHandler:      iArtist: The Killers
30 Mar 20:27:41 - info: iArtistHandler:      iArtist: Jim & Jesse
30 Mar 20:27:41 - info: iTrackHandler :      iTrack: Float On by artist Modest Mouse id : 201257515
30 Mar 20:27:41 - info: iTrackHandler : lastfmTrack: Float On by artist Iron Horse mbid : 
30 Mar 20:27:41 - info: iArtistHandler:      iArtist: The Wombats
30 Mar 20:27:41 - info: iArtistHandler:      iArtist: The Cinematics
30 Mar 20:27:41 - info: iTrackHandler :      iTrack: undefined by artist undefined id : undefined
30 Mar 20:27:41 - info: iTrackHandler : lastfmTrack: The Box by artist Johnny Flynn mbid : 
30 Mar 20:27:41 - info: iArtistHandler:      iArtist: Coconut Records
30 Mar 20:27:41 - info: iTrackHandler :      iTrack: Amanda Jewell by artist Ricky Skaggs & Kentucky Thunder id : 259757918
30 Mar 20:27:41 - info: iTrackHandler : lastfmTrack: Amanda Jewell by artist Ricky Skaggs mbid : 
30 Mar 20:27:41 - info: iArtistHandler:      iArtist: The Be Good Tanyas
30 Mar 20:27:41 - info: iArtistHandler:      iArtist: Carey Ott
30 Mar 20:27:41 - info: iArtistHandler:      iArtist: Ricky Skaggs
30 Mar 20:27:41 - info: iArtistHandler:      iArtist: Iron Horse
30 Mar 20:27:41 - info: iTrackHandler :      iTrack: West Coast by artist Coconut Records id : 219389666
30 Mar 20:27:41 - info: iTrackHandler : lastfmTrack: West Coast by artist Coconut Records mbid : 
30 Mar 20:27:42 - info: iTrackHandler :      iTrack: Maybe Someday by artist Black Stone Cherry id : 214472710
30 Mar 20:27:42 - info: iTrackHandler : lastfmTrack: Maybe Someday by artist The Cinematics mbid : 
30 Mar 20:37:24 - info: Serving a static file with pride
30 Mar 20:37:24 - info: GET /lastfm.html
30 Mar 20:37:25 - info: Serving a static file with pride
30 Mar 20:37:25 - info: GET /img/TheAlbumtross.png
30 Mar 20:37:26 - info: Serving a static file with pride
30 Mar 20:37:26 - info: GET /favicon.ico
30 Mar 20:37:26 - info: client connected
30 Mar 20:37:26 - info: client disconnected
30 Mar 20:37:30 - info: garrettwilkin would like to contact Last.fm, how lovely.
30 Mar 20:37:30 - info: YAY! LastFm returns success for garrettwilkin
30 Mar 20:37:30 - info: lastFmHandler : HTML by The Hot Toddies
30 Mar 20:37:30 - info: lastFmHandler : The Great Pretender by The Platters
30 Mar 20:37:30 - info: lastFmHandler : My True Story by The Jive Five
30 Mar 20:37:30 - info: lastFmHandler : Sophronie by Jimmy Martin
30 Mar 20:37:30 - info: lastFmHandler : Border Ride by Jim and Jesse
30 Mar 20:37:30 - info: lastFmHandler : Americano by The Brian Setzer Orchestra
30 Mar 20:37:30 - info: lastFmHandler : Breeze Black Night by The Ditty Bops
30 Mar 20:37:30 - info: lastFmHandler : Le Onde by Ludovico Einaudi
30 Mar 20:37:30 - info: lastFmHandler : Am I Just One by Carey Ott
30 Mar 20:37:30 - info: lastFmHandler : All These Things That I've Done by The Killers
30 Mar 20:37:30 - info: lastFmHandler : The Box by Johnny Flynn
30 Mar 20:37:30 - info: lastFmHandler : Sabre Dance by Արամ Խաչատրյան
30 Mar 20:37:30 - info: lastFmHandler : C'mon Yeah by The Sunshine
30 Mar 20:37:30 - info: lastFmHandler : Backfire at the Disco by The Wombats
30 Mar 20:37:30 - info: lastFmHandler : Calloway Boogie by Big Bad Voodoo Daddy
30 Mar 20:37:30 - info: lastFmHandler : Amanda Jewell by Ricky Skaggs
30 Mar 20:37:30 - info: lastFmHandler : Float On by Iron Horse
30 Mar 20:37:30 - info: lastFmHandler : Maybe Someday by The Cinematics
30 Mar 20:37:30 - info: lastFmHandler : West Coast by Coconut Records
30 Mar 20:37:30 - info: lastFmHandler : Only In The Past by The Be Good Tanyas
30 Mar 20:37:30 - info: iArtistHandler:      iArtist: The Platters
30 Mar 20:37:31 - info: iArtistHandler:      iArtist: The Jive Five
30 Mar 20:37:31 - info: iTrackHandler :      iTrack: Breeze Black Night by artist The Ditty Bops id : 5499485
30 Mar 20:37:31 - info: iTrackHandler : lastfmTrack: Breeze Black Night by artist The Ditty Bops mbid : 
30 Mar 20:37:31 - info: iTrackHandler :      iTrack: Border Ride by artist Larry Keel & Natural Bridge id : 157686958
30 Mar 20:37:31 - info: iTrackHandler : lastfmTrack: Border Ride by artist Jim and Jesse mbid : 
30 Mar 20:37:31 - info: iArtistHandler:      iArtist: The Ditty Bops
30 Mar 20:37:31 - info: iArtistHandler:      iArtist: Jim & Jesse
30 Mar 20:37:31 - info: iArtistHandler:      iArtist: Johnny Flynn
30 Mar 20:37:31 - info: iArtistHandler:      iArtist: The Brian Setzer Orchestra
30 Mar 20:37:31 - info: iTrackHandler :      iTrack: Le onde by artist Ludovico Einaudi id : 153362807
30 Mar 20:37:31 - info: iTrackHandler : lastfmTrack: Le Onde by artist Ludovico Einaudi mbid : 
30 Mar 20:37:31 - info: iTrackHandler :      iTrack: C'Mon Yeah by artist The Sunshine id : 252980090
30 Mar 20:37:31 - info: iTrackHandler : lastfmTrack: C'mon Yeah by artist The Sunshine mbid : 
30 Mar 20:37:31 - info: iTrackHandler :      iTrack: My True Story by artist The Jive Five id : 128625189
30 Mar 20:37:31 - info: iTrackHandler : lastfmTrack: My True Story by artist The Jive Five mbid : 
30 Mar 20:37:31 - info: iArtistHandler:      iArtist: Big Bad Voodoo Daddy
30 Mar 20:37:31 - info: iArtistHandler:      iArtist: Ricky Skaggs
30 Mar 20:37:31 - info: iArtistHandler:      iArtist: Jimmy Martin
30 Mar 20:37:31 - info: iTrackHandler :      iTrack: undefined by artist undefined id : undefined
30 Mar 20:37:31 - info: iTrackHandler : lastfmTrack: The Box by artist Johnny Flynn mbid : 
30 Mar 20:37:31 - info: iArtistHandler:      iArtist: The Be Good Tanyas
30 Mar 20:37:31 - info: iTrackHandler :      iTrack: undefined by artist undefined id : undefined
30 Mar 20:37:31 - info: iTrackHandler : lastfmTrack: Float On by artist Iron Horse mbid : 
30 Mar 20:37:31 - info: iArtistHandler:      iArtist: Coconut Records
30 Mar 20:37:31 - info: iTrackHandler :      iTrack: Only In the Past by artist The Be Good Tanyas id : 412804372
30 Mar 20:37:31 - info: iTrackHandler : lastfmTrack: Only In The Past by artist The Be Good Tanyas mbid : 
30 Mar 20:37:31 - info: iTrackHandler :      iTrack: undefined by artist undefined id : undefined
30 Mar 20:37:31 - info: iTrackHandler : lastfmTrack: Backfire at the Disco by artist The Wombats mbid : 
30 Mar 20:37:31 - info: iTrackHandler :      iTrack: undefined by artist undefined id : undefined
30 Mar 20:37:31 - info: iTrackHandler : lastfmTrack: West Coast by artist Coconut Records mbid : 
30 Mar 20:37:31 - info: iArtistHandler:      iArtist: Ludovico Einaudi
30 Mar 20:37:31 - info: iTrackHandler :      iTrack: Calloway Boogie by artist Big Bad Voodoo Daddy id : 307629327
30 Mar 20:37:31 - info: iTrackHandler : lastfmTrack: Calloway Boogie by artist Big Bad Voodoo Daddy mbid : 
30 Mar 20:37:31 - info: iArtistHandler:      iArtist: The Cinematics
30 Mar 20:37:31 - info: iArtistHandler:      iArtist: Iron Horse
30 Mar 20:37:31 - info: iTrackHandler :      iTrack: Sabre Dance by artist Franz Richter & Radio Orchestra Berlin id : 363276556
30 Mar 20:37:31 - info: iTrackHandler : lastfmTrack: Sabre Dance by artist Արամ Խաչատրյան mbid : 
30 Mar 20:37:31 - info: iTrackHandler :      iTrack: undefined by artist undefined id : undefined
30 Mar 20:37:31 - info: iTrackHandler : lastfmTrack: Americano by artist The Brian Setzer Orchestra mbid : 
30 Mar 20:37:31 - info: iArtistHandler:      iArtist: Carey Ott
30 Mar 20:37:31 - info: iTrackHandler :      iTrack: Maybe Someday by artist Black Stone Cherry id : 214472710
30 Mar 20:37:31 - info: iTrackHandler : lastfmTrack: Maybe Someday by artist The Cinematics mbid : 
30 Mar 20:37:31 - info: iArtistHandler:      iArtist: The Hot Toddies
30 Mar 20:37:31 - info: iTrackHandler :      iTrack: Amanda Jewell by artist Ricky Skaggs & Kentucky Thunder id : 259757918
30 Mar 20:37:31 - info: iTrackHandler : lastfmTrack: Amanda Jewell by artist Ricky Skaggs mbid : 
30 Mar 20:37:31 - info: iTrackHandler :      iTrack: HTML by artist The Hot Toddies id : 320900848
30 Mar 20:37:31 - info: iTrackHandler : lastfmTrack: HTML by artist The Hot Toddies mbid : 
30 Mar 20:37:31 - info: iTrackHandler :      iTrack: Am I Just One by artist Carey Ott id : 154808159
30 Mar 20:37:31 - info: iTrackHandler : lastfmTrack: Am I Just One by artist Carey Ott mbid : 
30 Mar 20:37:31 - info: iTrackHandler :      iTrack: All These Things That I've Done by artist The Killers id : 14268735
30 Mar 20:37:31 - info: iTrackHandler : lastfmTrack: All These Things That I've Done by artist The Killers mbid : 
30 Mar 20:37:31 - info: iArtistHandler:      iArtist: The Killers
30 Mar 20:37:31 - info: iTrackHandler :      iTrack: Sophronie by artist Jimmy Martin id : 6765959
30 Mar 20:37:31 - info: iTrackHandler : lastfmTrack: Sophronie by artist Jimmy Martin mbid : 
30 Mar 20:37:31 - info: iArtistHandler:      iArtist: The Wombats
30 Mar 20:37:31 - info: iTrackHandler :      iTrack: The Great Pretender by artist The Platters id : 1646486
30 Mar 20:37:31 - info: iTrackHandler : lastfmTrack: The Great Pretender by artist The Platters mbid : 
30 Mar 20:37:31 - info: iArtistHandler:      iArtist: KC & The Sunshine Band
30 Mar 20:37:31 - info: iArtistHandler: Could not find track
30 Mar 20:38:37 - info: Serving a static file with pride
30 Mar 20:38:37 - info: GET /lastfm.html
30 Mar 20:38:38 - info: Serving a static file with pride
30 Mar 20:38:38 - info: GET /img/TheAlbumtross.png
30 Mar 20:38:38 - info: Serving a static file with pride
30 Mar 20:38:38 - info: GET /favicon.ico
30 Mar 20:38:39 - info: client connected
30 Mar 20:38:39 - info: client disconnected
30 Mar 20:39:22 - info: Serving a static file with pride
30 Mar 20:39:22 - info: GET /lastfm.html
30 Mar 20:39:23 - info: Serving a static file with pride
30 Mar 20:39:23 - info: GET /img/TheAlbumtross.png
30 Mar 20:39:23 - info: Serving a static file with pride
30 Mar 20:39:23 - info: GET /favicon.ico
30 Mar 20:39:24 - info: client connected
30 Mar 20:39:24 - info: client disconnected
30 Mar 20:39:29 - info: garrettwilkin would like to contact Last.fm, how lovely.
30 Mar 20:39:29 - info: YAY! LastFm returns success for garrettwilkin
30 Mar 20:39:29 - info: lastFmHandler : HTML by The Hot Toddies
30 Mar 20:39:29 - info: lastFmHandler : The Great Pretender by The Platters
30 Mar 20:39:29 - info: lastFmHandler : My True Story by The Jive Five
30 Mar 20:39:29 - info: lastFmHandler : Sophronie by Jimmy Martin
30 Mar 20:39:29 - info: lastFmHandler : Border Ride by Jim and Jesse
30 Mar 20:39:29 - info: lastFmHandler : Americano by The Brian Setzer Orchestra
30 Mar 20:39:29 - info: lastFmHandler : Breeze Black Night by The Ditty Bops
30 Mar 20:39:29 - info: lastFmHandler : Le Onde by Ludovico Einaudi
30 Mar 20:39:29 - info: lastFmHandler : Am I Just One by Carey Ott
30 Mar 20:39:29 - info: lastFmHandler : All These Things That I've Done by The Killers
30 Mar 20:39:29 - info: lastFmHandler : The Box by Johnny Flynn
30 Mar 20:39:29 - info: lastFmHandler : Sabre Dance by Արամ Խաչատրյան
30 Mar 20:39:29 - info: lastFmHandler : C'mon Yeah by The Sunshine
30 Mar 20:39:29 - info: lastFmHandler : Backfire at the Disco by The Wombats
30 Mar 20:39:29 - info: lastFmHandler : Calloway Boogie by Big Bad Voodoo Daddy
30 Mar 20:39:29 - info: lastFmHandler : Amanda Jewell by Ricky Skaggs
30 Mar 20:39:29 - info: lastFmHandler : Float On by Iron Horse
30 Mar 20:39:29 - info: lastFmHandler : Maybe Someday by The Cinematics
30 Mar 20:39:29 - info: lastFmHandler : West Coast by Coconut Records
30 Mar 20:39:29 - info: lastFmHandler : Only In The Past by The Be Good Tanyas
30 Mar 20:39:29 - info: iArtistHandler:      iArtist: Jim & Jesse
30 Mar 20:39:29 - info: iTrackHandler :      iTrack: The Great Pretender by artist The Platters id : 1646486
30 Mar 20:39:29 - info: iTrackHandler : lastfmTrack: The Great Pretender by artist The Platters mbid : 
30 Mar 20:39:29 - info: iTrackHandler :      iTrack: Border Ride by artist Larry Keel & Natural Bridge id : 157686958
30 Mar 20:39:29 - info: iTrackHandler : lastfmTrack: Border Ride by artist Jim and Jesse mbid : 
30 Mar 20:39:30 - info: iTrackHandler :      iTrack: Breeze Black Night by artist The Ditty Bops id : 5499485
30 Mar 20:39:30 - info: iTrackHandler : lastfmTrack: Breeze Black Night by artist The Ditty Bops mbid : 
30 Mar 20:39:30 - info: iTrackHandler :      iTrack: Sabre Dance by artist Franz Richter & Radio Orchestra Berlin id : 363276556
30 Mar 20:39:30 - info: iTrackHandler : lastfmTrack: Sabre Dance by artist Արամ Խաչատրյան mbid : 
30 Mar 20:39:30 - info: iArtistHandler: Could not find track
30 Mar 20:39:30 - info: iArtistHandler:      iArtist: The Jive Five
30 Mar 20:39:30 - info: iArtistHandler:      iArtist: The Hot Toddies
30 Mar 20:39:30 - info: iArtistHandler:      iArtist: The Platters
30 Mar 20:39:30 - info: iTrackHandler :      iTrack: Le onde by artist Ludovico Einaudi id : 153362807
30 Mar 20:39:30 - info: iTrackHandler : lastfmTrack: Le Onde by artist Ludovico Einaudi mbid : 
30 Mar 20:39:30 - info: iArtistHandler:      iArtist: Jimmy Martin
30 Mar 20:39:30 - info: iArtistHandler:      iArtist: The Brian Setzer Orchestra
30 Mar 20:39:30 - info: iArtistHandler:      iArtist: Iron Horse
30 Mar 20:39:30 - info: iArtistHandler:      iArtist: Carey Ott
30 Mar 20:39:30 - info: iTrackHandler :      iTrack: My True Story by artist The Jive Five id : 128625189
30 Mar 20:39:30 - info: iTrackHandler : lastfmTrack: My True Story by artist The Jive Five mbid : 
30 Mar 20:39:30 - info: iArtistHandler:      iArtist: The Ditty Bops
30 Mar 20:39:30 - info: iTrackHandler :      iTrack: undefined by artist undefined id : undefined
30 Mar 20:39:30 - info: iTrackHandler : lastfmTrack: HTML by artist The Hot Toddies mbid : 
30 Mar 20:39:30 - info: iArtistHandler:      iArtist: Ricky Skaggs
30 Mar 20:39:30 - info: iTrackHandler :      iTrack: Am I Just One by artist Carey Ott id : 154808159
30 Mar 20:39:30 - info: iTrackHandler : lastfmTrack: Am I Just One by artist Carey Ott mbid : 
30 Mar 20:39:30 - info: iArtistHandler:      iArtist: The Wombats
30 Mar 20:39:30 - info: iArtistHandler:      iArtist: KC & The Sunshine Band
30 Mar 20:39:30 - info: iArtistHandler:      iArtist: Johnny Flynn
30 Mar 20:39:30 - info: iTrackHandler :      iTrack: Calloway Boogie by artist Big Bad Voodoo Daddy id : 307629327
30 Mar 20:39:30 - info: iTrackHandler : lastfmTrack: Calloway Boogie by artist Big Bad Voodoo Daddy mbid : 
30 Mar 20:39:30 - info: iArtistHandler:      iArtist: Ludovico Einaudi
30 Mar 20:39:30 - info: iTrackHandler :      iTrack: Amanda Jewell by artist Ricky Skaggs & Kentucky Thunder id : 259757918
30 Mar 20:39:30 - info: iTrackHandler : lastfmTrack: Amanda Jewell by artist Ricky Skaggs mbid : 
30 Mar 20:39:30 - info: iArtistHandler:      iArtist: Big Bad Voodoo Daddy
30 Mar 20:39:30 - info: iArtistHandler:      iArtist: The Cinematics
30 Mar 20:39:30 - info: iTrackHandler :      iTrack: Float On by artist Modest Mouse id : 201257515
30 Mar 20:39:30 - info: iTrackHandler : lastfmTrack: Float On by artist Iron Horse mbid : 
30 Mar 20:39:30 - info: iTrackHandler :      iTrack: undefined by artist undefined id : undefined
30 Mar 20:39:30 - info: iTrackHandler : lastfmTrack: Backfire at the Disco by artist The Wombats mbid : 
30 Mar 20:39:30 - info: iTrackHandler :      iTrack: undefined by artist undefined id : undefined
30 Mar 20:39:30 - info: iTrackHandler : lastfmTrack: The Box by artist Johnny Flynn mbid : 
30 Mar 20:39:30 - info: iTrackHandler :      iTrack: undefined by artist undefined id : undefined
30 Mar 20:39:30 - info: iTrackHandler : lastfmTrack: Americano by artist The Brian Setzer Orchestra mbid : 
30 Mar 20:39:30 - info: iTrackHandler :      iTrack: Sophronie by artist Jimmy Martin id : 6765959
30 Mar 20:39:30 - info: iTrackHandler : lastfmTrack: Sophronie by artist Jimmy Martin mbid : 
30 Mar 20:39:30 - info: iArtistHandler:      iArtist: The Killers
30 Mar 20:39:30 - info: iTrackHandler :      iTrack: Maybe Someday by artist Black Stone Cherry id : 214472710
30 Mar 20:39:30 - info: iTrackHandler : lastfmTrack: Maybe Someday by artist The Cinematics mbid : 
30 Mar 20:39:30 - info: iArtistHandler:      iArtist: The Be Good Tanyas
30 Mar 20:39:30 - info: iTrackHandler :      iTrack: undefined by artist undefined id : undefined
30 Mar 20:39:30 - info: iTrackHandler : lastfmTrack: All These Things That I've Done by artist The Killers mbid : 
30 Mar 20:39:30 - info: iTrackHandler :      iTrack: C'Mon Yeah by artist The Sunshine id : 252980090
30 Mar 20:39:30 - info: iTrackHandler : lastfmTrack: C'mon Yeah by artist The Sunshine mbid : 
30 Mar 20:39:30 - info: iTrackHandler :      iTrack: Only In the Past by artist The Be Good Tanyas id : 412804372
30 Mar 20:39:30 - info: iTrackHandler : lastfmTrack: Only In The Past by artist The Be Good Tanyas mbid : 
30 Mar 20:39:34 - info: iArtistHandler:      iArtist: Coconut Records
30 Mar 20:39:34 - info: iTrackHandler :      iTrack: West Coast by artist Coconut Records id : 219389666
30 Mar 20:39:34 - info: iTrackHandler : lastfmTrack: West Coast by artist Coconut Records mbid : 
